<?xml version="1.0" encoding="UTF-8"?>
<robot generator="Robot 7.2.2 (Python 3.11.0 on win32)" generated="2025-05-12T12:38:43.116627" rpa="false" schemaversion="5">
<suite id="s1" name="sortProductsTests" source="C:\Users\Douae.MAARAD\OneDrive - Akkodis\Desktop\RobotTests\testCases\sortProductsTests.robot">
<test id="s1-t1" name="Verify Product Sorting Ascending And Descending" line="14">
<kw name="Open Browser To Home Page" owner="common_keywords" type="SETUP">
<kw name="Open Browser" owner="SeleniumLibrary">
<msg time="2025-05-12T12:38:43.717488" level="INFO">Opening browser 'chrome' to base url 'https://www.cdiscount.com/'.</msg>
<arg>${BASE_URL}</arg>
<arg>chrome</arg>
<doc>Opens a new browser instance to the optional ``url``.</doc>
<status status="PASS" start="2025-05-12T12:38:43.717488" elapsed="5.319201"/>
</kw>
<kw name="Maximize Browser Window" owner="SeleniumLibrary">
<doc>Maximizes current browser window.</doc>
<status status="PASS" start="2025-05-12T12:38:49.036689" elapsed="0.018292"/>
</kw>
<kw name="Accept Cookies If Present" owner="common_keywords">
<kw name="Wait Until Element Is Visible" owner="SeleniumLibrary">
<arg>${ACCEPT_COOKIES_BUTTON}</arg>
<arg>timeout=15s</arg>
<doc>Waits until the element ``locator`` is visible.</doc>
<status status="PASS" start="2025-05-12T12:38:49.054981" elapsed="2.061742"/>
</kw>
<kw name="Click Button" owner="SeleniumLibrary">
<msg time="2025-05-12T12:38:51.117721" level="INFO">Clicking button 'xpath=//button[contains(text(), 'Accepter') or contains(text(), 'J’accepte')]'.</msg>
<arg>${ACCEPT_COOKIES_BUTTON}</arg>
<doc>Clicks the button identified by ``locator``.</doc>
<status status="PASS" start="2025-05-12T12:38:51.117721" elapsed="0.261352"/>
</kw>
<status status="PASS" start="2025-05-12T12:38:49.054981" elapsed="2.325089"/>
</kw>
<status status="PASS" start="2025-05-12T12:38:43.717488" elapsed="7.662582"/>
</kw>
<kw name="Enter Search Term And Submit" owner="search_page_keywords">
<kw name="Wait Until Element Is Visible" owner="SeleniumLibrary">
<arg>${SEARCH_INPUT}</arg>
<arg>timeout=10s</arg>
<doc>Waits until the element ``locator`` is visible.</doc>
<status status="PASS" start="2025-05-12T12:38:51.381070" elapsed="0.122969"/>
</kw>
<kw name="Input Text" owner="SeleniumLibrary">
<msg time="2025-05-12T12:38:51.504039" level="INFO">Typing text 'pc' into text field 'id=search'.</msg>
<arg>${SEARCH_INPUT}</arg>
<arg>${SEARCH_TERM}</arg>
<doc>Types the given ``text`` into the text field identified by ``locator``.</doc>
<status status="PASS" start="2025-05-12T12:38:51.504039" elapsed="1.688925"/>
</kw>
<kw name="Press Keys" owner="SeleniumLibrary">
<msg time="2025-05-12T12:38:53.193961" level="INFO">Sending key(s) ('RETURN',) to id=search element.</msg>
<msg time="2025-05-12T12:38:53.498261" level="INFO">Pressing special key RETURN to element.</msg>
<msg time="2025-05-12T12:38:53.498261" level="INFO">Releasing special key RETURN.</msg>
<arg>${SEARCH_INPUT}</arg>
<arg>RETURN</arg>
<doc>Simulates the user pressing key(s) to an element or on the active browser.</doc>
<status status="PASS" start="2025-05-12T12:38:53.192964" elapsed="3.837410"/>
</kw>
<arg>${SEARCH_TERMS}</arg>
<status status="PASS" start="2025-05-12T12:38:51.380070" elapsed="5.650496"/>
</kw>
<kw name="Click Sort Ascending" owner="sort_products">
<kw name="Wait Until Element Is Visible" owner="SeleniumLibrary">
<arg>${PRICE_ASC_BUTTON}</arg>
<arg>timeout=10s</arg>
<doc>Waits until the element ``locator`` is visible.</doc>
<status status="PASS" start="2025-05-12T12:38:57.030566" elapsed="0.431361"/>
</kw>
<kw name="Click Element" owner="SeleniumLibrary">
<msg time="2025-05-12T12:38:57.461927" level="INFO">Clicking element '//*[@data-value="PRICEASC"]'.</msg>
<arg>${PRICE_ASC_BUTTON}</arg>
<doc>Click the element identified by ``locator``.</doc>
<status status="PASS" start="2025-05-12T12:38:57.461927" elapsed="1.226189"/>
</kw>
<kw name="Wait Until Element Is Visible" owner="SeleniumLibrary">
<arg>${PRICE_SPAN}</arg>
<arg>timeout=10s</arg>
<doc>Waits until the element ``locator`` is visible.</doc>
<status status="PASS" start="2025-05-12T12:38:58.688116" elapsed="0.036677"/>
</kw>
<kw name="Sleep" owner="BuiltIn">
<msg time="2025-05-12T12:39:00.725044" level="INFO">Slept 2 seconds.</msg>
<arg>2s</arg>
<doc>Pauses the test executed for the given time.</doc>
<status status="PASS" start="2025-05-12T12:38:58.724793" elapsed="2.000251"/>
</kw>
<status status="PASS" start="2025-05-12T12:38:57.030566" elapsed="3.694478"/>
</kw>
<kw name="Sleep" owner="BuiltIn">
<msg time="2025-05-12T12:39:02.725372" level="INFO">Slept 2 seconds.</msg>
<arg>2s</arg>
<doc>Pauses the test executed for the given time.</doc>
<status status="PASS" start="2025-05-12T12:39:00.725044" elapsed="2.000328"/>
</kw>
<kw name="Get All Product Prices" owner="sort_products">
<kw name="Get WebElements" owner="SeleniumLibrary">
<msg time="2025-05-12T12:39:02.740726" level="INFO">${elements} = [&lt;selenium.webdriver.remote.webelement.WebElement (session="6c8c7aff8f6b02c9c045e9846b58de4a", element="f.A63AD0333563D5193D6FB805FE3E34DC.d.552FAA9509DCFB91FE74F47734C6D326.e.1321")&gt;, &lt;selenium.webdr...</msg>
<var>${elements}</var>
<arg>${PRICE_SPAN}</arg>
<doc>Returns a list of WebElement objects matching the ``locator``.</doc>
<status status="PASS" start="2025-05-12T12:39:02.726369" elapsed="0.014357"/>
</kw>
<kw name="Create List" owner="BuiltIn">
<msg time="2025-05-12T12:39:02.741722" level="INFO">${prices} = []</msg>
<var>${prices}</var>
<doc>Returns a list containing given items.</doc>
<status status="PASS" start="2025-05-12T12:39:02.741722" elapsed="0.000000"/>
</kw>
<for flavor="IN">
<iter>
<kw name="Get Element Attribute" owner="SeleniumLibrary">
<msg time="2025-05-12T12:39:02.754024" level="INFO">${price_text} = 7,50</msg>
<var>${price_text}</var>
<arg>${element}</arg>
<arg>content</arg>
<doc>Returns the value of ``attribute`` from the element ``locator``.</doc>
<status status="PASS" start="2025-05-12T12:39:02.741722" elapsed="0.012302"/>
</kw>
<kw name="Evaluate" owner="BuiltIn">
<msg time="2025-05-12T12:39:02.755022" level="INFO">${price_text} = 7.50</msg>
<var>${price_text}</var>
<arg>"${price_text}".replace(",", ".")</arg>
<doc>Evaluates the given expression in Python and returns the result.</doc>
<status status="PASS" start="2025-05-12T12:39:02.754024" elapsed="0.000998"/>
</kw>
<kw name="Convert To Number" owner="BuiltIn">
<msg time="2025-05-12T12:39:02.755022" level="INFO">${price} = 7.5</msg>
<var>${price}</var>
<arg>${price_text}</arg>
<doc>Converts the given item to a floating point number.</doc>
<status status="PASS" start="2025-05-12T12:39:02.755022" elapsed="0.000000"/>
</kw>
<kw name="Append To List" owner="Collections">
<arg>${prices}</arg>
<arg>${price}</arg>
<doc>Adds ``values`` to the end of ``list``.</doc>
<status status="PASS" start="2025-05-12T12:39:02.755022" elapsed="0.000000"/>
</kw>
<var name="${element}">&lt;selenium.webdriver.remote.webelement.WebElement (session="6c8c7aff8f6b02c9c045e9846b58de4a", element="f.A63AD0333563D5193D6FB805FE3E34DC.d.552FAA9509DCFB91FE74F47734C6D326.e.1321")&gt;</var>
<status status="PASS" start="2025-05-12T12:39:02.741722" elapsed="0.013300"/>
</iter>
<iter>
<kw name="Get Element Attribute" owner="SeleniumLibrary">
<msg time="2025-05-12T12:39:02.765119" level="INFO">${price_text} = 9,99</msg>
<var>${price_text}</var>
<arg>${element}</arg>
<arg>content</arg>
<doc>Returns the value of ``attribute`` from the element ``locator``.</doc>
<status status="PASS" start="2025-05-12T12:39:02.756018" elapsed="0.009101"/>
</kw>
<kw name="Evaluate" owner="BuiltIn">
<msg time="2025-05-12T12:39:02.765119" level="INFO">${price_text} = 9.99</msg>
<var>${price_text}</var>
<arg>"${price_text}".replace(",", ".")</arg>
<doc>Evaluates the given expression in Python and returns the result.</doc>
<status status="PASS" start="2025-05-12T12:39:02.765119" elapsed="0.000000"/>
</kw>
<kw name="Convert To Number" owner="BuiltIn">
<msg time="2025-05-12T12:39:02.766115" level="INFO">${price} = 9.99</msg>
<var>${price}</var>
<arg>${price_text}</arg>
<doc>Converts the given item to a floating point number.</doc>
<status status="PASS" start="2025-05-12T12:39:02.765119" elapsed="0.000996"/>
</kw>
<kw name="Append To List" owner="Collections">
<arg>${prices}</arg>
<arg>${price}</arg>
<doc>Adds ``values`` to the end of ``list``.</doc>
<status status="PASS" start="2025-05-12T12:39:02.766115" elapsed="0.000000"/>
</kw>
<var name="${element}">&lt;selenium.webdriver.remote.webelement.WebElement (session="6c8c7aff8f6b02c9c045e9846b58de4a", element="f.A63AD0333563D5193D6FB805FE3E34DC.d.552FAA9509DCFB91FE74F47734C6D326.e.1322")&gt;</var>
<status status="PASS" start="2025-05-12T12:39:02.756018" elapsed="0.010097"/>
</iter>
<iter>
<kw name="Get Element Attribute" owner="SeleniumLibrary">
<msg time="2025-05-12T12:39:02.773092" level="INFO">${price_text} = 12,22</msg>
<var>${price_text}</var>
<arg>${element}</arg>
<arg>content</arg>
<doc>Returns the value of ``attribute`` from the element ``locator``.</doc>
<status status="PASS" start="2025-05-12T12:39:02.766115" elapsed="0.006977"/>
</kw>
<kw name="Evaluate" owner="BuiltIn">
<msg time="2025-05-12T12:39:02.773092" level="INFO">${price_text} = 12.22</msg>
<var>${price_text}</var>
<arg>"${price_text}".replace(",", ".")</arg>
<doc>Evaluates the given expression in Python and returns the result.</doc>
<status status="PASS" start="2025-05-12T12:39:02.773092" elapsed="0.000000"/>
</kw>
<kw name="Convert To Number" owner="BuiltIn">
<msg time="2025-05-12T12:39:02.774088" level="INFO">${price} = 12.22</msg>
<var>${price}</var>
<arg>${price_text}</arg>
<doc>Converts the given item to a floating point number.</doc>
<status status="PASS" start="2025-05-12T12:39:02.774088" elapsed="0.000000"/>
</kw>
<kw name="Append To List" owner="Collections">
<arg>${prices}</arg>
<arg>${price}</arg>
<doc>Adds ``values`` to the end of ``list``.</doc>
<status status="PASS" start="2025-05-12T12:39:02.774088" elapsed="0.000000"/>
</kw>
<var name="${element}">&lt;selenium.webdriver.remote.webelement.WebElement (session="6c8c7aff8f6b02c9c045e9846b58de4a", element="f.A63AD0333563D5193D6FB805FE3E34DC.d.552FAA9509DCFB91FE74F47734C6D326.e.1323")&gt;</var>
<status status="PASS" start="2025-05-12T12:39:02.766115" elapsed="0.007973"/>
</iter>
<iter>
<kw name="Get Element Attribute" owner="SeleniumLibrary">
<msg time="2025-05-12T12:39:02.783141" level="INFO">${price_text} = 13,86</msg>
<var>${price_text}</var>
<arg>${element}</arg>
<arg>content</arg>
<doc>Returns the value of ``attribute`` from the element ``locator``.</doc>
<status status="PASS" start="2025-05-12T12:39:02.774088" elapsed="0.009053"/>
</kw>
<kw name="Evaluate" owner="BuiltIn">
<msg time="2025-05-12T12:39:02.783141" level="INFO">${price_text} = 13.86</msg>
<var>${price_text}</var>
<arg>"${price_text}".replace(",", ".")</arg>
<doc>Evaluates the given expression in Python and returns the result.</doc>
<status status="PASS" start="2025-05-12T12:39:02.783141" elapsed="0.000000"/>
</kw>
<kw name="Convert To Number" owner="BuiltIn">
<msg time="2025-05-12T12:39:02.784138" level="INFO">${price} = 13.86</msg>
<var>${price}</var>
<arg>${price_text}</arg>
<doc>Converts the given item to a floating point number.</doc>
<status status="PASS" start="2025-05-12T12:39:02.784138" elapsed="0.000000"/>
</kw>
<kw name="Append To List" owner="Collections">
<arg>${prices}</arg>
<arg>${price}</arg>
<doc>Adds ``values`` to the end of ``list``.</doc>
<status status="PASS" start="2025-05-12T12:39:02.784138" elapsed="0.000000"/>
</kw>
<var name="${element}">&lt;selenium.webdriver.remote.webelement.WebElement (session="6c8c7aff8f6b02c9c045e9846b58de4a", element="f.A63AD0333563D5193D6FB805FE3E34DC.d.552FAA9509DCFB91FE74F47734C6D326.e.1324")&gt;</var>
<status status="PASS" start="2025-05-12T12:39:02.774088" elapsed="0.010050"/>
</iter>
<iter>
<kw name="Get Element Attribute" owner="SeleniumLibrary">
<msg time="2025-05-12T12:39:02.790118" level="INFO">${price_text} = 17,59</msg>
<var>${price_text}</var>
<arg>${element}</arg>
<arg>content</arg>
<doc>Returns the value of ``attribute`` from the element ``locator``.</doc>
<status status="PASS" start="2025-05-12T12:39:02.785135" elapsed="0.004983"/>
</kw>
<kw name="Evaluate" owner="BuiltIn">
<msg time="2025-05-12T12:39:02.791115" level="INFO">${price_text} = 17.59</msg>
<var>${price_text}</var>
<arg>"${price_text}".replace(",", ".")</arg>
<doc>Evaluates the given expression in Python and returns the result.</doc>
<status status="PASS" start="2025-05-12T12:39:02.790118" elapsed="0.000997"/>
</kw>
<kw name="Convert To Number" owner="BuiltIn">
<msg time="2025-05-12T12:39:02.791115" level="INFO">${price} = 17.59</msg>
<var>${price}</var>
<arg>${price_text}</arg>
<doc>Converts the given item to a floating point number.</doc>
<status status="PASS" start="2025-05-12T12:39:02.791115" elapsed="0.000000"/>
</kw>
<kw name="Append To List" owner="Collections">
<arg>${prices}</arg>
<arg>${price}</arg>
<doc>Adds ``values`` to the end of ``list``.</doc>
<status status="PASS" start="2025-05-12T12:39:02.791115" elapsed="0.000000"/>
</kw>
<var name="${element}">&lt;selenium.webdriver.remote.webelement.WebElement (session="6c8c7aff8f6b02c9c045e9846b58de4a", element="f.A63AD0333563D5193D6FB805FE3E34DC.d.552FAA9509DCFB91FE74F47734C6D326.e.1325")&gt;</var>
<status status="PASS" start="2025-05-12T12:39:02.784138" elapsed="0.006977"/>
</iter>
<iter>
<kw name="Get Element Attribute" owner="SeleniumLibrary">
<msg time="2025-05-12T12:39:02.799090" level="INFO">${price_text} = 19,90</msg>
<var>${price_text}</var>
<arg>${element}</arg>
<arg>content</arg>
<doc>Returns the value of ``attribute`` from the element ``locator``.</doc>
<status status="PASS" start="2025-05-12T12:39:02.792112" elapsed="0.006978"/>
</kw>
<kw name="Evaluate" owner="BuiltIn">
<msg time="2025-05-12T12:39:02.799090" level="INFO">${price_text} = 19.90</msg>
<var>${price_text}</var>
<arg>"${price_text}".replace(",", ".")</arg>
<doc>Evaluates the given expression in Python and returns the result.</doc>
<status status="PASS" start="2025-05-12T12:39:02.799090" elapsed="0.000000"/>
</kw>
<kw name="Convert To Number" owner="BuiltIn">
<msg time="2025-05-12T12:39:02.800086" level="INFO">${price} = 19.9</msg>
<var>${price}</var>
<arg>${price_text}</arg>
<doc>Converts the given item to a floating point number.</doc>
<status status="PASS" start="2025-05-12T12:39:02.800086" elapsed="0.000000"/>
</kw>
<kw name="Append To List" owner="Collections">
<arg>${prices}</arg>
<arg>${price}</arg>
<doc>Adds ``values`` to the end of ``list``.</doc>
<status status="PASS" start="2025-05-12T12:39:02.800086" elapsed="0.000000"/>
</kw>
<var name="${element}">&lt;selenium.webdriver.remote.webelement.WebElement (session="6c8c7aff8f6b02c9c045e9846b58de4a", element="f.A63AD0333563D5193D6FB805FE3E34DC.d.552FAA9509DCFB91FE74F47734C6D326.e.1326")&gt;</var>
<status status="PASS" start="2025-05-12T12:39:02.792112" elapsed="0.007974"/>
</iter>
<iter>
<kw name="Get Element Attribute" owner="SeleniumLibrary">
<msg time="2025-05-12T12:39:02.825601" level="INFO">${price_text} = 19,90</msg>
<var>${price_text}</var>
<arg>${element}</arg>
<arg>content</arg>
<doc>Returns the value of ``attribute`` from the element ``locator``.</doc>
<status status="PASS" start="2025-05-12T12:39:02.801083" elapsed="0.024518"/>
</kw>
<kw name="Evaluate" owner="BuiltIn">
<msg time="2025-05-12T12:39:02.826598" level="INFO">${price_text} = 19.90</msg>
<var>${price_text}</var>
<arg>"${price_text}".replace(",", ".")</arg>
<doc>Evaluates the given expression in Python and returns the result.</doc>
<status status="PASS" start="2025-05-12T12:39:02.825601" elapsed="0.000997"/>
</kw>
<kw name="Convert To Number" owner="BuiltIn">
<msg time="2025-05-12T12:39:02.826598" level="INFO">${price} = 19.9</msg>
<var>${price}</var>
<arg>${price_text}</arg>
<doc>Converts the given item to a floating point number.</doc>
<status status="PASS" start="2025-05-12T12:39:02.826598" elapsed="0.000000"/>
</kw>
<kw name="Append To List" owner="Collections">
<arg>${prices}</arg>
<arg>${price}</arg>
<doc>Adds ``values`` to the end of ``list``.</doc>
<status status="PASS" start="2025-05-12T12:39:02.826598" elapsed="0.000997"/>
</kw>
<var name="${element}">&lt;selenium.webdriver.remote.webelement.WebElement (session="6c8c7aff8f6b02c9c045e9846b58de4a", element="f.A63AD0333563D5193D6FB805FE3E34DC.d.552FAA9509DCFB91FE74F47734C6D326.e.1327")&gt;</var>
<status status="PASS" start="2025-05-12T12:39:02.800086" elapsed="0.027509"/>
</iter>
<iter>
<kw name="Get Element Attribute" owner="SeleniumLibrary">
<msg time="2025-05-12T12:39:02.838860" level="INFO">${price_text} = 19,95</msg>
<var>${price_text}</var>
<arg>${element}</arg>
<arg>content</arg>
<doc>Returns the value of ``attribute`` from the element ``locator``.</doc>
<status status="PASS" start="2025-05-12T12:39:02.828220" elapsed="0.010640"/>
</kw>
<kw name="Evaluate" owner="BuiltIn">
<msg time="2025-05-12T12:39:02.839856" level="INFO">${price_text} = 19.95</msg>
<var>${price_text}</var>
<arg>"${price_text}".replace(",", ".")</arg>
<doc>Evaluates the given expression in Python and returns the result.</doc>
<status status="PASS" start="2025-05-12T12:39:02.838860" elapsed="0.000996"/>
</kw>
<kw name="Convert To Number" owner="BuiltIn">
<msg time="2025-05-12T12:39:02.839856" level="INFO">${price} = 19.95</msg>
<var>${price}</var>
<arg>${price_text}</arg>
<doc>Converts the given item to a floating point number.</doc>
<status status="PASS" start="2025-05-12T12:39:02.839856" elapsed="0.000000"/>
</kw>
<kw name="Append To List" owner="Collections">
<arg>${prices}</arg>
<arg>${price}</arg>
<doc>Adds ``values`` to the end of ``list``.</doc>
<status status="PASS" start="2025-05-12T12:39:02.839856" elapsed="0.000000"/>
</kw>
<var name="${element}">&lt;selenium.webdriver.remote.webelement.WebElement (session="6c8c7aff8f6b02c9c045e9846b58de4a", element="f.A63AD0333563D5193D6FB805FE3E34DC.d.552FAA9509DCFB91FE74F47734C6D326.e.1328")&gt;</var>
<status status="PASS" start="2025-05-12T12:39:02.828220" elapsed="0.012632"/>
</iter>
<iter>
<kw name="Get Element Attribute" owner="SeleniumLibrary">
<msg time="2025-05-12T12:39:02.853479" level="INFO">${price_text} = 19,95</msg>
<var>${price_text}</var>
<arg>${element}</arg>
<arg>content</arg>
<doc>Returns the value of ``attribute`` from the element ``locator``.</doc>
<status status="PASS" start="2025-05-12T12:39:02.840852" elapsed="0.012627"/>
</kw>
<kw name="Evaluate" owner="BuiltIn">
<msg time="2025-05-12T12:39:02.853479" level="INFO">${price_text} = 19.95</msg>
<var>${price_text}</var>
<arg>"${price_text}".replace(",", ".")</arg>
<doc>Evaluates the given expression in Python and returns the result.</doc>
<status status="PASS" start="2025-05-12T12:39:02.853479" elapsed="0.000000"/>
</kw>
<kw name="Convert To Number" owner="BuiltIn">
<msg time="2025-05-12T12:39:02.854476" level="INFO">${price} = 19.95</msg>
<var>${price}</var>
<arg>${price_text}</arg>
<doc>Converts the given item to a floating point number.</doc>
<status status="PASS" start="2025-05-12T12:39:02.853479" elapsed="0.000997"/>
</kw>
<kw name="Append To List" owner="Collections">
<arg>${prices}</arg>
<arg>${price}</arg>
<doc>Adds ``values`` to the end of ``list``.</doc>
<status status="PASS" start="2025-05-12T12:39:02.854476" elapsed="0.000000"/>
</kw>
<var name="${element}">&lt;selenium.webdriver.remote.webelement.WebElement (session="6c8c7aff8f6b02c9c045e9846b58de4a", element="f.A63AD0333563D5193D6FB805FE3E34DC.d.552FAA9509DCFB91FE74F47734C6D326.e.1329")&gt;</var>
<status status="PASS" start="2025-05-12T12:39:02.840852" elapsed="0.013624"/>
</iter>
<iter>
<kw name="Get Element Attribute" owner="SeleniumLibrary">
<msg time="2025-05-12T12:39:02.861531" level="INFO">${price_text} = 19,95</msg>
<var>${price_text}</var>
<arg>${element}</arg>
<arg>content</arg>
<doc>Returns the value of ``attribute`` from the element ``locator``.</doc>
<status status="PASS" start="2025-05-12T12:39:02.854476" elapsed="0.007055"/>
</kw>
<kw name="Evaluate" owner="BuiltIn">
<msg time="2025-05-12T12:39:02.862528" level="INFO">${price_text} = 19.95</msg>
<var>${price_text}</var>
<arg>"${price_text}".replace(",", ".")</arg>
<doc>Evaluates the given expression in Python and returns the result.</doc>
<status status="PASS" start="2025-05-12T12:39:02.861531" elapsed="0.000997"/>
</kw>
<kw name="Convert To Number" owner="BuiltIn">
<msg time="2025-05-12T12:39:02.862528" level="INFO">${price} = 19.95</msg>
<var>${price}</var>
<arg>${price_text}</arg>
<doc>Converts the given item to a floating point number.</doc>
<status status="PASS" start="2025-05-12T12:39:02.862528" elapsed="0.000000"/>
</kw>
<kw name="Append To List" owner="Collections">
<arg>${prices}</arg>
<arg>${price}</arg>
<doc>Adds ``values`` to the end of ``list``.</doc>
<status status="PASS" start="2025-05-12T12:39:02.862528" elapsed="0.000997"/>
</kw>
<var name="${element}">&lt;selenium.webdriver.remote.webelement.WebElement (session="6c8c7aff8f6b02c9c045e9846b58de4a", element="f.A63AD0333563D5193D6FB805FE3E34DC.d.552FAA9509DCFB91FE74F47734C6D326.e.1330")&gt;</var>
<status status="PASS" start="2025-05-12T12:39:02.854476" elapsed="0.009049"/>
</iter>
<iter>
<kw name="Get Element Attribute" owner="SeleniumLibrary">
<msg time="2025-05-12T12:39:02.877286" level="INFO">${price_text} = 25,00</msg>
<var>${price_text}</var>
<arg>${element}</arg>
<arg>content</arg>
<doc>Returns the value of ``attribute`` from the element ``locator``.</doc>
<status status="PASS" start="2025-05-12T12:39:02.863525" elapsed="0.013761"/>
</kw>
<kw name="Evaluate" owner="BuiltIn">
<msg time="2025-05-12T12:39:02.878156" level="INFO">${price_text} = 25.00</msg>
<var>${price_text}</var>
<arg>"${price_text}".replace(",", ".")</arg>
<doc>Evaluates the given expression in Python and returns the result.</doc>
<status status="PASS" start="2025-05-12T12:39:02.877286" elapsed="0.000870"/>
</kw>
<kw name="Convert To Number" owner="BuiltIn">
<msg time="2025-05-12T12:39:02.878156" level="INFO">${price} = 25.0</msg>
<var>${price}</var>
<arg>${price_text}</arg>
<doc>Converts the given item to a floating point number.</doc>
<status status="PASS" start="2025-05-12T12:39:02.878156" elapsed="0.000000"/>
</kw>
<kw name="Append To List" owner="Collections">
<arg>${prices}</arg>
<arg>${price}</arg>
<doc>Adds ``values`` to the end of ``list``.</doc>
<status status="PASS" start="2025-05-12T12:39:02.878156" elapsed="0.000998"/>
</kw>
<var name="${element}">&lt;selenium.webdriver.remote.webelement.WebElement (session="6c8c7aff8f6b02c9c045e9846b58de4a", element="f.A63AD0333563D5193D6FB805FE3E34DC.d.552FAA9509DCFB91FE74F47734C6D326.e.1331")&gt;</var>
<status status="PASS" start="2025-05-12T12:39:02.863525" elapsed="0.015629"/>
</iter>
<iter>
<kw name="Get Element Attribute" owner="SeleniumLibrary">
<msg time="2025-05-12T12:39:02.891436" level="INFO">${price_text} = 25,90</msg>
<var>${price_text}</var>
<arg>${element}</arg>
<arg>content</arg>
<doc>Returns the value of ``attribute`` from the element ``locator``.</doc>
<status status="PASS" start="2025-05-12T12:39:02.879154" elapsed="0.012282"/>
</kw>
<kw name="Evaluate" owner="BuiltIn">
<msg time="2025-05-12T12:39:02.892433" level="INFO">${price_text} = 25.90</msg>
<var>${price_text}</var>
<arg>"${price_text}".replace(",", ".")</arg>
<doc>Evaluates the given expression in Python and returns the result.</doc>
<status status="PASS" start="2025-05-12T12:39:02.892433" elapsed="0.000000"/>
</kw>
<kw name="Convert To Number" owner="BuiltIn">
<msg time="2025-05-12T12:39:02.893430" level="INFO">${price} = 25.9</msg>
<var>${price}</var>
<arg>${price_text}</arg>
<doc>Converts the given item to a floating point number.</doc>
<status status="PASS" start="2025-05-12T12:39:02.892433" elapsed="0.000997"/>
</kw>
<kw name="Append To List" owner="Collections">
<arg>${prices}</arg>
<arg>${price}</arg>
<doc>Adds ``values`` to the end of ``list``.</doc>
<status status="PASS" start="2025-05-12T12:39:02.893430" elapsed="0.000000"/>
</kw>
<var name="${element}">&lt;selenium.webdriver.remote.webelement.WebElement (session="6c8c7aff8f6b02c9c045e9846b58de4a", element="f.A63AD0333563D5193D6FB805FE3E34DC.d.552FAA9509DCFB91FE74F47734C6D326.e.1332")&gt;</var>
<status status="PASS" start="2025-05-12T12:39:02.879154" elapsed="0.014276"/>
</iter>
<iter>
<kw name="Get Element Attribute" owner="SeleniumLibrary">
<msg time="2025-05-12T12:39:02.904005" level="INFO">${price_text} = 29,90</msg>
<var>${price_text}</var>
<arg>${element}</arg>
<arg>content</arg>
<doc>Returns the value of ``attribute`` from the element ``locator``.</doc>
<status status="PASS" start="2025-05-12T12:39:02.894713" elapsed="0.009292"/>
</kw>
<kw name="Evaluate" owner="BuiltIn">
<msg time="2025-05-12T12:39:02.904005" level="INFO">${price_text} = 29.90</msg>
<var>${price_text}</var>
<arg>"${price_text}".replace(",", ".")</arg>
<doc>Evaluates the given expression in Python and returns the result.</doc>
<status status="PASS" start="2025-05-12T12:39:02.904005" elapsed="0.000996"/>
</kw>
<kw name="Convert To Number" owner="BuiltIn">
<msg time="2025-05-12T12:39:02.905001" level="INFO">${price} = 29.9</msg>
<var>${price}</var>
<arg>${price_text}</arg>
<doc>Converts the given item to a floating point number.</doc>
<status status="PASS" start="2025-05-12T12:39:02.905001" elapsed="0.000000"/>
</kw>
<kw name="Append To List" owner="Collections">
<arg>${prices}</arg>
<arg>${price}</arg>
<doc>Adds ``values`` to the end of ``list``.</doc>
<status status="PASS" start="2025-05-12T12:39:02.905001" elapsed="0.000998"/>
</kw>
<var name="${element}">&lt;selenium.webdriver.remote.webelement.WebElement (session="6c8c7aff8f6b02c9c045e9846b58de4a", element="f.A63AD0333563D5193D6FB805FE3E34DC.d.552FAA9509DCFB91FE74F47734C6D326.e.1333")&gt;</var>
<status status="PASS" start="2025-05-12T12:39:02.894427" elapsed="0.011572"/>
</iter>
<iter>
<kw name="Get Element Attribute" owner="SeleniumLibrary">
<msg time="2025-05-12T12:39:02.916689" level="INFO">${price_text} = 34,45</msg>
<var>${price_text}</var>
<arg>${element}</arg>
<arg>content</arg>
<doc>Returns the value of ``attribute`` from the element ``locator``.</doc>
<status status="PASS" start="2025-05-12T12:39:02.905999" elapsed="0.010690"/>
</kw>
<kw name="Evaluate" owner="BuiltIn">
<msg time="2025-05-12T12:39:02.916689" level="INFO">${price_text} = 34.45</msg>
<var>${price_text}</var>
<arg>"${price_text}".replace(",", ".")</arg>
<doc>Evaluates the given expression in Python and returns the result.</doc>
<status status="PASS" start="2025-05-12T12:39:02.916689" elapsed="0.000000"/>
</kw>
<kw name="Convert To Number" owner="BuiltIn">
<msg time="2025-05-12T12:39:02.917686" level="INFO">${price} = 34.45</msg>
<var>${price}</var>
<arg>${price_text}</arg>
<doc>Converts the given item to a floating point number.</doc>
<status status="PASS" start="2025-05-12T12:39:02.917686" elapsed="0.000000"/>
</kw>
<kw name="Append To List" owner="Collections">
<arg>${prices}</arg>
<arg>${price}</arg>
<doc>Adds ``values`` to the end of ``list``.</doc>
<status status="PASS" start="2025-05-12T12:39:02.917686" elapsed="0.000000"/>
</kw>
<var name="${element}">&lt;selenium.webdriver.remote.webelement.WebElement (session="6c8c7aff8f6b02c9c045e9846b58de4a", element="f.A63AD0333563D5193D6FB805FE3E34DC.d.552FAA9509DCFB91FE74F47734C6D326.e.1334")&gt;</var>
<status status="PASS" start="2025-05-12T12:39:02.905999" elapsed="0.011687"/>
</iter>
<iter>
<kw name="Get Element Attribute" owner="SeleniumLibrary">
<msg time="2025-05-12T12:39:02.925660" level="INFO">${price_text} = 39,95</msg>
<var>${price_text}</var>
<arg>${element}</arg>
<arg>content</arg>
<doc>Returns the value of ``attribute`` from the element ``locator``.</doc>
<status status="PASS" start="2025-05-12T12:39:02.918683" elapsed="0.006977"/>
</kw>
<kw name="Evaluate" owner="BuiltIn">
<msg time="2025-05-12T12:39:02.925660" level="INFO">${price_text} = 39.95</msg>
<var>${price_text}</var>
<arg>"${price_text}".replace(",", ".")</arg>
<doc>Evaluates the given expression in Python and returns the result.</doc>
<status status="PASS" start="2025-05-12T12:39:02.925660" elapsed="0.000000"/>
</kw>
<kw name="Convert To Number" owner="BuiltIn">
<msg time="2025-05-12T12:39:02.926656" level="INFO">${price} = 39.95</msg>
<var>${price}</var>
<arg>${price_text}</arg>
<doc>Converts the given item to a floating point number.</doc>
<status status="PASS" start="2025-05-12T12:39:02.925660" elapsed="0.000996"/>
</kw>
<kw name="Append To List" owner="Collections">
<arg>${prices}</arg>
<arg>${price}</arg>
<doc>Adds ``values`` to the end of ``list``.</doc>
<status status="PASS" start="2025-05-12T12:39:02.926656" elapsed="0.000000"/>
</kw>
<var name="${element}">&lt;selenium.webdriver.remote.webelement.WebElement (session="6c8c7aff8f6b02c9c045e9846b58de4a", element="f.A63AD0333563D5193D6FB805FE3E34DC.d.552FAA9509DCFB91FE74F47734C6D326.e.1335")&gt;</var>
<status status="PASS" start="2025-05-12T12:39:02.918683" elapsed="0.007973"/>
</iter>
<iter>
<kw name="Get Element Attribute" owner="SeleniumLibrary">
<msg time="2025-05-12T12:39:02.940548" level="INFO">${price_text} = 41,67</msg>
<var>${price_text}</var>
<arg>${element}</arg>
<arg>content</arg>
<doc>Returns the value of ``attribute`` from the element ``locator``.</doc>
<status status="PASS" start="2025-05-12T12:39:02.927652" elapsed="0.012896"/>
</kw>
<kw name="Evaluate" owner="BuiltIn">
<msg time="2025-05-12T12:39:02.940548" level="INFO">${price_text} = 41.67</msg>
<var>${price_text}</var>
<arg>"${price_text}".replace(",", ".")</arg>
<doc>Evaluates the given expression in Python and returns the result.</doc>
<status status="PASS" start="2025-05-12T12:39:02.940548" elapsed="0.000000"/>
</kw>
<kw name="Convert To Number" owner="BuiltIn">
<msg time="2025-05-12T12:39:02.941545" level="INFO">${price} = 41.67</msg>
<var>${price}</var>
<arg>${price_text}</arg>
<doc>Converts the given item to a floating point number.</doc>
<status status="PASS" start="2025-05-12T12:39:02.940548" elapsed="0.000997"/>
</kw>
<kw name="Append To List" owner="Collections">
<arg>${prices}</arg>
<arg>${price}</arg>
<doc>Adds ``values`` to the end of ``list``.</doc>
<status status="PASS" start="2025-05-12T12:39:02.941545" elapsed="0.000000"/>
</kw>
<var name="${element}">&lt;selenium.webdriver.remote.webelement.WebElement (session="6c8c7aff8f6b02c9c045e9846b58de4a", element="f.A63AD0333563D5193D6FB805FE3E34DC.d.552FAA9509DCFB91FE74F47734C6D326.e.1336")&gt;</var>
<status status="PASS" start="2025-05-12T12:39:02.926656" elapsed="0.014889"/>
</iter>
<iter>
<kw name="Get Element Attribute" owner="SeleniumLibrary">
<msg time="2025-05-12T12:39:02.955587" level="INFO">${price_text} = 43,08</msg>
<var>${price_text}</var>
<arg>${element}</arg>
<arg>content</arg>
<doc>Returns the value of ``attribute`` from the element ``locator``.</doc>
<status status="PASS" start="2025-05-12T12:39:02.942542" elapsed="0.013045"/>
</kw>
<kw name="Evaluate" owner="BuiltIn">
<msg time="2025-05-12T12:39:02.955587" level="INFO">${price_text} = 43.08</msg>
<var>${price_text}</var>
<arg>"${price_text}".replace(",", ".")</arg>
<doc>Evaluates the given expression in Python and returns the result.</doc>
<status status="PASS" start="2025-05-12T12:39:02.955587" elapsed="0.000000"/>
</kw>
<kw name="Convert To Number" owner="BuiltIn">
<msg time="2025-05-12T12:39:02.956585" level="INFO">${price} = 43.08</msg>
<var>${price}</var>
<arg>${price_text}</arg>
<doc>Converts the given item to a floating point number.</doc>
<status status="PASS" start="2025-05-12T12:39:02.956585" elapsed="0.000000"/>
</kw>
<kw name="Append To List" owner="Collections">
<arg>${prices}</arg>
<arg>${price}</arg>
<doc>Adds ``values`` to the end of ``list``.</doc>
<status status="PASS" start="2025-05-12T12:39:02.956585" elapsed="0.000000"/>
</kw>
<var name="${element}">&lt;selenium.webdriver.remote.webelement.WebElement (session="6c8c7aff8f6b02c9c045e9846b58de4a", element="f.A63AD0333563D5193D6FB805FE3E34DC.d.552FAA9509DCFB91FE74F47734C6D326.e.1337")&gt;</var>
<status status="PASS" start="2025-05-12T12:39:02.941545" elapsed="0.015040"/>
</iter>
<iter>
<kw name="Get Element Attribute" owner="SeleniumLibrary">
<msg time="2025-05-12T12:39:02.971365" level="INFO">${price_text} = 49,90</msg>
<var>${price_text}</var>
<arg>${element}</arg>
<arg>content</arg>
<doc>Returns the value of ``attribute`` from the element ``locator``.</doc>
<status status="PASS" start="2025-05-12T12:39:02.957581" elapsed="0.013784"/>
</kw>
<kw name="Evaluate" owner="BuiltIn">
<msg time="2025-05-12T12:39:02.972362" level="INFO">${price_text} = 49.90</msg>
<var>${price_text}</var>
<arg>"${price_text}".replace(",", ".")</arg>
<doc>Evaluates the given expression in Python and returns the result.</doc>
<status status="PASS" start="2025-05-12T12:39:02.971365" elapsed="0.000997"/>
</kw>
<kw name="Convert To Number" owner="BuiltIn">
<msg time="2025-05-12T12:39:02.972362" level="INFO">${price} = 49.9</msg>
<var>${price}</var>
<arg>${price_text}</arg>
<doc>Converts the given item to a floating point number.</doc>
<status status="PASS" start="2025-05-12T12:39:02.972362" elapsed="0.000996"/>
</kw>
<kw name="Append To List" owner="Collections">
<arg>${prices}</arg>
<arg>${price}</arg>
<doc>Adds ``values`` to the end of ``list``.</doc>
<status status="PASS" start="2025-05-12T12:39:02.973358" elapsed="0.000000"/>
</kw>
<var name="${element}">&lt;selenium.webdriver.remote.webelement.WebElement (session="6c8c7aff8f6b02c9c045e9846b58de4a", element="f.A63AD0333563D5193D6FB805FE3E34DC.d.552FAA9509DCFB91FE74F47734C6D326.e.1338")&gt;</var>
<status status="PASS" start="2025-05-12T12:39:02.957581" elapsed="0.015777"/>
</iter>
<iter>
<kw name="Get Element Attribute" owner="SeleniumLibrary">
<msg time="2025-05-12T12:39:02.989990" level="INFO">${price_text} = 52,90</msg>
<var>${price_text}</var>
<arg>${element}</arg>
<arg>content</arg>
<doc>Returns the value of ``attribute`` from the element ``locator``.</doc>
<status status="PASS" start="2025-05-12T12:39:02.973358" elapsed="0.016632"/>
</kw>
<kw name="Evaluate" owner="BuiltIn">
<msg time="2025-05-12T12:39:02.989990" level="INFO">${price_text} = 52.90</msg>
<var>${price_text}</var>
<arg>"${price_text}".replace(",", ".")</arg>
<doc>Evaluates the given expression in Python and returns the result.</doc>
<status status="PASS" start="2025-05-12T12:39:02.989990" elapsed="0.000000"/>
</kw>
<kw name="Convert To Number" owner="BuiltIn">
<msg time="2025-05-12T12:39:02.990986" level="INFO">${price} = 52.9</msg>
<var>${price}</var>
<arg>${price_text}</arg>
<doc>Converts the given item to a floating point number.</doc>
<status status="PASS" start="2025-05-12T12:39:02.990986" elapsed="0.000000"/>
</kw>
<kw name="Append To List" owner="Collections">
<arg>${prices}</arg>
<arg>${price}</arg>
<doc>Adds ``values`` to the end of ``list``.</doc>
<status status="PASS" start="2025-05-12T12:39:02.990986" elapsed="0.000000"/>
</kw>
<var name="${element}">&lt;selenium.webdriver.remote.webelement.WebElement (session="6c8c7aff8f6b02c9c045e9846b58de4a", element="f.A63AD0333563D5193D6FB805FE3E34DC.d.552FAA9509DCFB91FE74F47734C6D326.e.1339")&gt;</var>
<status status="PASS" start="2025-05-12T12:39:02.973358" elapsed="0.017628"/>
</iter>
<iter>
<kw name="Get Element Attribute" owner="SeleniumLibrary">
<msg time="2025-05-12T12:39:03.002752" level="INFO">${price_text} = 56,64</msg>
<var>${price_text}</var>
<arg>${element}</arg>
<arg>content</arg>
<doc>Returns the value of ``attribute`` from the element ``locator``.</doc>
<status status="PASS" start="2025-05-12T12:39:02.991983" elapsed="0.010769"/>
</kw>
<kw name="Evaluate" owner="BuiltIn">
<msg time="2025-05-12T12:39:03.003748" level="INFO">${price_text} = 56.64</msg>
<var>${price_text}</var>
<arg>"${price_text}".replace(",", ".")</arg>
<doc>Evaluates the given expression in Python and returns the result.</doc>
<status status="PASS" start="2025-05-12T12:39:03.003748" elapsed="0.000000"/>
</kw>
<kw name="Convert To Number" owner="BuiltIn">
<msg time="2025-05-12T12:39:03.004745" level="INFO">${price} = 56.64</msg>
<var>${price}</var>
<arg>${price_text}</arg>
<doc>Converts the given item to a floating point number.</doc>
<status status="PASS" start="2025-05-12T12:39:03.003748" elapsed="0.000997"/>
</kw>
<kw name="Append To List" owner="Collections">
<arg>${prices}</arg>
<arg>${price}</arg>
<doc>Adds ``values`` to the end of ``list``.</doc>
<status status="PASS" start="2025-05-12T12:39:03.004745" elapsed="0.000000"/>
</kw>
<var name="${element}">&lt;selenium.webdriver.remote.webelement.WebElement (session="6c8c7aff8f6b02c9c045e9846b58de4a", element="f.A63AD0333563D5193D6FB805FE3E34DC.d.552FAA9509DCFB91FE74F47734C6D326.e.1340")&gt;</var>
<status status="PASS" start="2025-05-12T12:39:02.991983" elapsed="0.012762"/>
</iter>
<iter>
<kw name="Get Element Attribute" owner="SeleniumLibrary">
<msg time="2025-05-12T12:39:03.016289" level="INFO">${price_text} = 56,71</msg>
<var>${price_text}</var>
<arg>${element}</arg>
<arg>content</arg>
<doc>Returns the value of ``attribute`` from the element ``locator``.</doc>
<status status="PASS" start="2025-05-12T12:39:03.004745" elapsed="0.011544"/>
</kw>
<kw name="Evaluate" owner="BuiltIn">
<msg time="2025-05-12T12:39:03.016289" level="INFO">${price_text} = 56.71</msg>
<var>${price_text}</var>
<arg>"${price_text}".replace(",", ".")</arg>
<doc>Evaluates the given expression in Python and returns the result.</doc>
<status status="PASS" start="2025-05-12T12:39:03.016289" elapsed="0.000996"/>
</kw>
<kw name="Convert To Number" owner="BuiltIn">
<msg time="2025-05-12T12:39:03.017285" level="INFO">${price} = 56.71</msg>
<var>${price}</var>
<arg>${price_text}</arg>
<doc>Converts the given item to a floating point number.</doc>
<status status="PASS" start="2025-05-12T12:39:03.017285" elapsed="0.000000"/>
</kw>
<kw name="Append To List" owner="Collections">
<arg>${prices}</arg>
<arg>${price}</arg>
<doc>Adds ``values`` to the end of ``list``.</doc>
<status status="PASS" start="2025-05-12T12:39:03.017285" elapsed="0.000000"/>
</kw>
<var name="${element}">&lt;selenium.webdriver.remote.webelement.WebElement (session="6c8c7aff8f6b02c9c045e9846b58de4a", element="f.A63AD0333563D5193D6FB805FE3E34DC.d.552FAA9509DCFB91FE74F47734C6D326.e.1341")&gt;</var>
<status status="PASS" start="2025-05-12T12:39:03.004745" elapsed="0.013536"/>
</iter>
<iter>
<kw name="Get Element Attribute" owner="SeleniumLibrary">
<msg time="2025-05-12T12:39:03.033480" level="INFO">${price_text} = 58,50</msg>
<var>${price_text}</var>
<arg>${element}</arg>
<arg>content</arg>
<doc>Returns the value of ``attribute`` from the element ``locator``.</doc>
<status status="PASS" start="2025-05-12T12:39:03.018281" elapsed="0.015199"/>
</kw>
<kw name="Evaluate" owner="BuiltIn">
<msg time="2025-05-12T12:39:03.034477" level="INFO">${price_text} = 58.50</msg>
<var>${price_text}</var>
<arg>"${price_text}".replace(",", ".")</arg>
<doc>Evaluates the given expression in Python and returns the result.</doc>
<status status="PASS" start="2025-05-12T12:39:03.033480" elapsed="0.000997"/>
</kw>
<kw name="Convert To Number" owner="BuiltIn">
<msg time="2025-05-12T12:39:03.034477" level="INFO">${price} = 58.5</msg>
<var>${price}</var>
<arg>${price_text}</arg>
<doc>Converts the given item to a floating point number.</doc>
<status status="PASS" start="2025-05-12T12:39:03.034477" elapsed="0.000000"/>
</kw>
<kw name="Append To List" owner="Collections">
<arg>${prices}</arg>
<arg>${price}</arg>
<doc>Adds ``values`` to the end of ``list``.</doc>
<status status="PASS" start="2025-05-12T12:39:03.034477" elapsed="0.000997"/>
</kw>
<var name="${element}">&lt;selenium.webdriver.remote.webelement.WebElement (session="6c8c7aff8f6b02c9c045e9846b58de4a", element="f.A63AD0333563D5193D6FB805FE3E34DC.d.552FAA9509DCFB91FE74F47734C6D326.e.1342")&gt;</var>
<status status="PASS" start="2025-05-12T12:39:03.018281" elapsed="0.017193"/>
</iter>
<iter>
<kw name="Get Element Attribute" owner="SeleniumLibrary">
<msg time="2025-05-12T12:39:03.049316" level="INFO">${price_text} = 69,00</msg>
<var>${price_text}</var>
<arg>${element}</arg>
<arg>content</arg>
<doc>Returns the value of ``attribute`` from the element ``locator``.</doc>
<status status="PASS" start="2025-05-12T12:39:03.035474" elapsed="0.013842"/>
</kw>
<kw name="Evaluate" owner="BuiltIn">
<msg time="2025-05-12T12:39:03.050313" level="INFO">${price_text} = 69.00</msg>
<var>${price_text}</var>
<arg>"${price_text}".replace(",", ".")</arg>
<doc>Evaluates the given expression in Python and returns the result.</doc>
<status status="PASS" start="2025-05-12T12:39:03.049316" elapsed="0.000997"/>
</kw>
<kw name="Convert To Number" owner="BuiltIn">
<msg time="2025-05-12T12:39:03.050313" level="INFO">${price} = 69.0</msg>
<var>${price}</var>
<arg>${price_text}</arg>
<doc>Converts the given item to a floating point number.</doc>
<status status="PASS" start="2025-05-12T12:39:03.050313" elapsed="0.000000"/>
</kw>
<kw name="Append To List" owner="Collections">
<arg>${prices}</arg>
<arg>${price}</arg>
<doc>Adds ``values`` to the end of ``list``.</doc>
<status status="PASS" start="2025-05-12T12:39:03.050313" elapsed="0.000997"/>
</kw>
<var name="${element}">&lt;selenium.webdriver.remote.webelement.WebElement (session="6c8c7aff8f6b02c9c045e9846b58de4a", element="f.A63AD0333563D5193D6FB805FE3E34DC.d.552FAA9509DCFB91FE74F47734C6D326.e.1343")&gt;</var>
<status status="PASS" start="2025-05-12T12:39:03.035474" elapsed="0.015836"/>
</iter>
<iter>
<kw name="Get Element Attribute" owner="SeleniumLibrary">
<msg time="2025-05-12T12:39:03.062343" level="INFO">${price_text} = 69,18</msg>
<var>${price_text}</var>
<arg>${element}</arg>
<arg>content</arg>
<doc>Returns the value of ``attribute`` from the element ``locator``.</doc>
<status status="PASS" start="2025-05-12T12:39:03.051310" elapsed="0.011033"/>
</kw>
<kw name="Evaluate" owner="BuiltIn">
<msg time="2025-05-12T12:39:03.063340" level="INFO">${price_text} = 69.18</msg>
<var>${price_text}</var>
<arg>"${price_text}".replace(",", ".")</arg>
<doc>Evaluates the given expression in Python and returns the result.</doc>
<status status="PASS" start="2025-05-12T12:39:03.063340" elapsed="0.000000"/>
</kw>
<kw name="Convert To Number" owner="BuiltIn">
<msg time="2025-05-12T12:39:03.064335" level="INFO">${price} = 69.18</msg>
<var>${price}</var>
<arg>${price_text}</arg>
<doc>Converts the given item to a floating point number.</doc>
<status status="PASS" start="2025-05-12T12:39:03.063340" elapsed="0.000995"/>
</kw>
<kw name="Append To List" owner="Collections">
<arg>${prices}</arg>
<arg>${price}</arg>
<doc>Adds ``values`` to the end of ``list``.</doc>
<status status="PASS" start="2025-05-12T12:39:03.064335" elapsed="0.000865"/>
</kw>
<var name="${element}">&lt;selenium.webdriver.remote.webelement.WebElement (session="6c8c7aff8f6b02c9c045e9846b58de4a", element="f.A63AD0333563D5193D6FB805FE3E34DC.d.552FAA9509DCFB91FE74F47734C6D326.e.1344")&gt;</var>
<status status="PASS" start="2025-05-12T12:39:03.051310" elapsed="0.013993"/>
</iter>
<iter>
<kw name="Get Element Attribute" owner="SeleniumLibrary">
<msg time="2025-05-12T12:39:03.075335" level="INFO">${price_text} = 69,64</msg>
<var>${price_text}</var>
<arg>${element}</arg>
<arg>content</arg>
<doc>Returns the value of ``attribute`` from the element ``locator``.</doc>
<status status="PASS" start="2025-05-12T12:39:03.065368" elapsed="0.009967"/>
</kw>
<kw name="Evaluate" owner="BuiltIn">
<msg time="2025-05-12T12:39:03.076332" level="INFO">${price_text} = 69.64</msg>
<var>${price_text}</var>
<arg>"${price_text}".replace(",", ".")</arg>
<doc>Evaluates the given expression in Python and returns the result.</doc>
<status status="PASS" start="2025-05-12T12:39:03.075335" elapsed="0.000997"/>
</kw>
<kw name="Convert To Number" owner="BuiltIn">
<msg time="2025-05-12T12:39:03.076332" level="INFO">${price} = 69.64</msg>
<var>${price}</var>
<arg>${price_text}</arg>
<doc>Converts the given item to a floating point number.</doc>
<status status="PASS" start="2025-05-12T12:39:03.076332" elapsed="0.000000"/>
</kw>
<kw name="Append To List" owner="Collections">
<arg>${prices}</arg>
<arg>${price}</arg>
<doc>Adds ``values`` to the end of ``list``.</doc>
<status status="PASS" start="2025-05-12T12:39:03.077328" elapsed="0.000000"/>
</kw>
<var name="${element}">&lt;selenium.webdriver.remote.webelement.WebElement (session="6c8c7aff8f6b02c9c045e9846b58de4a", element="f.A63AD0333563D5193D6FB805FE3E34DC.d.552FAA9509DCFB91FE74F47734C6D326.e.1345")&gt;</var>
<status status="PASS" start="2025-05-12T12:39:03.065368" elapsed="0.011960"/>
</iter>
<iter>
<kw name="Get Element Attribute" owner="SeleniumLibrary">
<msg time="2025-05-12T12:39:03.090837" level="INFO">${price_text} = 70,17</msg>
<var>${price_text}</var>
<arg>${element}</arg>
<arg>content</arg>
<doc>Returns the value of ``attribute`` from the element ``locator``.</doc>
<status status="PASS" start="2025-05-12T12:39:03.078016" elapsed="0.012821"/>
</kw>
<kw name="Evaluate" owner="BuiltIn">
<msg time="2025-05-12T12:39:03.091834" level="INFO">${price_text} = 70.17</msg>
<var>${price_text}</var>
<arg>"${price_text}".replace(",", ".")</arg>
<doc>Evaluates the given expression in Python and returns the result.</doc>
<status status="PASS" start="2025-05-12T12:39:03.090837" elapsed="0.000997"/>
</kw>
<kw name="Convert To Number" owner="BuiltIn">
<msg time="2025-05-12T12:39:03.091834" level="INFO">${price} = 70.17</msg>
<var>${price}</var>
<arg>${price_text}</arg>
<doc>Converts the given item to a floating point number.</doc>
<status status="PASS" start="2025-05-12T12:39:03.091834" elapsed="0.000000"/>
</kw>
<kw name="Append To List" owner="Collections">
<arg>${prices}</arg>
<arg>${price}</arg>
<doc>Adds ``values`` to the end of ``list``.</doc>
<status status="PASS" start="2025-05-12T12:39:03.092831" elapsed="0.000000"/>
</kw>
<var name="${element}">&lt;selenium.webdriver.remote.webelement.WebElement (session="6c8c7aff8f6b02c9c045e9846b58de4a", element="f.A63AD0333563D5193D6FB805FE3E34DC.d.552FAA9509DCFB91FE74F47734C6D326.e.1346")&gt;</var>
<status status="PASS" start="2025-05-12T12:39:03.077897" elapsed="0.014934"/>
</iter>
<iter>
<kw name="Get Element Attribute" owner="SeleniumLibrary">
<msg time="2025-05-12T12:39:03.123780" level="INFO">${price_text} = 71,58</msg>
<var>${price_text}</var>
<arg>${element}</arg>
<arg>content</arg>
<doc>Returns the value of ``attribute`` from the element ``locator``.</doc>
<status status="PASS" start="2025-05-12T12:39:03.092831" elapsed="0.030949"/>
</kw>
<kw name="Evaluate" owner="BuiltIn">
<msg time="2025-05-12T12:39:03.124777" level="INFO">${price_text} = 71.58</msg>
<var>${price_text}</var>
<arg>"${price_text}".replace(",", ".")</arg>
<doc>Evaluates the given expression in Python and returns the result.</doc>
<status status="PASS" start="2025-05-12T12:39:03.123780" elapsed="0.000997"/>
</kw>
<kw name="Convert To Number" owner="BuiltIn">
<msg time="2025-05-12T12:39:03.124777" level="INFO">${price} = 71.58</msg>
<var>${price}</var>
<arg>${price_text}</arg>
<doc>Converts the given item to a floating point number.</doc>
<status status="PASS" start="2025-05-12T12:39:03.124777" elapsed="0.000000"/>
</kw>
<kw name="Append To List" owner="Collections">
<arg>${prices}</arg>
<arg>${price}</arg>
<doc>Adds ``values`` to the end of ``list``.</doc>
<status status="PASS" start="2025-05-12T12:39:03.125773" elapsed="0.000000"/>
</kw>
<var name="${element}">&lt;selenium.webdriver.remote.webelement.WebElement (session="6c8c7aff8f6b02c9c045e9846b58de4a", element="f.A63AD0333563D5193D6FB805FE3E34DC.d.552FAA9509DCFB91FE74F47734C6D326.e.1347")&gt;</var>
<status status="PASS" start="2025-05-12T12:39:03.092831" elapsed="0.032942"/>
</iter>
<iter>
<kw name="Get Element Attribute" owner="SeleniumLibrary">
<msg time="2025-05-12T12:39:03.140440" level="INFO">${price_text} = 72,00</msg>
<var>${price_text}</var>
<arg>${element}</arg>
<arg>content</arg>
<doc>Returns the value of ``attribute`` from the element ``locator``.</doc>
<status status="PASS" start="2025-05-12T12:39:03.125773" elapsed="0.014667"/>
</kw>
<kw name="Evaluate" owner="BuiltIn">
<msg time="2025-05-12T12:39:03.141437" level="INFO">${price_text} = 72.00</msg>
<var>${price_text}</var>
<arg>"${price_text}".replace(",", ".")</arg>
<doc>Evaluates the given expression in Python and returns the result.</doc>
<status status="PASS" start="2025-05-12T12:39:03.141437" elapsed="0.000000"/>
</kw>
<kw name="Convert To Number" owner="BuiltIn">
<msg time="2025-05-12T12:39:03.142434" level="INFO">${price} = 72.0</msg>
<var>${price}</var>
<arg>${price_text}</arg>
<doc>Converts the given item to a floating point number.</doc>
<status status="PASS" start="2025-05-12T12:39:03.142434" elapsed="0.000000"/>
</kw>
<kw name="Append To List" owner="Collections">
<arg>${prices}</arg>
<arg>${price}</arg>
<doc>Adds ``values`` to the end of ``list``.</doc>
<status status="PASS" start="2025-05-12T12:39:03.142434" elapsed="0.000000"/>
</kw>
<var name="${element}">&lt;selenium.webdriver.remote.webelement.WebElement (session="6c8c7aff8f6b02c9c045e9846b58de4a", element="f.A63AD0333563D5193D6FB805FE3E34DC.d.552FAA9509DCFB91FE74F47734C6D326.e.1348")&gt;</var>
<status status="PASS" start="2025-05-12T12:39:03.125773" elapsed="0.017658"/>
</iter>
<iter>
<kw name="Get Element Attribute" owner="SeleniumLibrary">
<msg time="2025-05-12T12:39:03.156078" level="INFO">${price_text} = 72,00</msg>
<var>${price_text}</var>
<arg>${element}</arg>
<arg>content</arg>
<doc>Returns the value of ``attribute`` from the element ``locator``.</doc>
<status status="PASS" start="2025-05-12T12:39:03.143431" elapsed="0.012647"/>
</kw>
<kw name="Evaluate" owner="BuiltIn">
<msg time="2025-05-12T12:39:03.157075" level="INFO">${price_text} = 72.00</msg>
<var>${price_text}</var>
<arg>"${price_text}".replace(",", ".")</arg>
<doc>Evaluates the given expression in Python and returns the result.</doc>
<status status="PASS" start="2025-05-12T12:39:03.156078" elapsed="0.000997"/>
</kw>
<kw name="Convert To Number" owner="BuiltIn">
<msg time="2025-05-12T12:39:03.157075" level="INFO">${price} = 72.0</msg>
<var>${price}</var>
<arg>${price_text}</arg>
<doc>Converts the given item to a floating point number.</doc>
<status status="PASS" start="2025-05-12T12:39:03.157075" elapsed="0.000000"/>
</kw>
<kw name="Append To List" owner="Collections">
<arg>${prices}</arg>
<arg>${price}</arg>
<doc>Adds ``values`` to the end of ``list``.</doc>
<status status="PASS" start="2025-05-12T12:39:03.157075" elapsed="0.000997"/>
</kw>
<var name="${element}">&lt;selenium.webdriver.remote.webelement.WebElement (session="6c8c7aff8f6b02c9c045e9846b58de4a", element="f.A63AD0333563D5193D6FB805FE3E34DC.d.552FAA9509DCFB91FE74F47734C6D326.e.1349")&gt;</var>
<status status="PASS" start="2025-05-12T12:39:03.143431" elapsed="0.014641"/>
</iter>
<iter>
<kw name="Get Element Attribute" owner="SeleniumLibrary">
<msg time="2025-05-12T12:39:03.172363" level="INFO">${price_text} = 72,36</msg>
<var>${price_text}</var>
<arg>${element}</arg>
<arg>content</arg>
<doc>Returns the value of ``attribute`` from the element ``locator``.</doc>
<status status="PASS" start="2025-05-12T12:39:03.158072" elapsed="0.014291"/>
</kw>
<kw name="Evaluate" owner="BuiltIn">
<msg time="2025-05-12T12:39:03.173359" level="INFO">${price_text} = 72.36</msg>
<var>${price_text}</var>
<arg>"${price_text}".replace(",", ".")</arg>
<doc>Evaluates the given expression in Python and returns the result.</doc>
<status status="PASS" start="2025-05-12T12:39:03.172363" elapsed="0.000996"/>
</kw>
<kw name="Convert To Number" owner="BuiltIn">
<msg time="2025-05-12T12:39:03.173359" level="INFO">${price} = 72.36</msg>
<var>${price}</var>
<arg>${price_text}</arg>
<doc>Converts the given item to a floating point number.</doc>
<status status="PASS" start="2025-05-12T12:39:03.173359" elapsed="0.000000"/>
</kw>
<kw name="Append To List" owner="Collections">
<arg>${prices}</arg>
<arg>${price}</arg>
<doc>Adds ``values`` to the end of ``list``.</doc>
<status status="PASS" start="2025-05-12T12:39:03.173359" elapsed="0.000996"/>
</kw>
<var name="${element}">&lt;selenium.webdriver.remote.webelement.WebElement (session="6c8c7aff8f6b02c9c045e9846b58de4a", element="f.A63AD0333563D5193D6FB805FE3E34DC.d.552FAA9509DCFB91FE74F47734C6D326.e.1350")&gt;</var>
<status status="PASS" start="2025-05-12T12:39:03.158072" elapsed="0.016283"/>
</iter>
<iter>
<kw name="Get Element Attribute" owner="SeleniumLibrary">
<msg time="2025-05-12T12:39:03.190162" level="INFO">${price_text} = 74,11</msg>
<var>${price_text}</var>
<arg>${element}</arg>
<arg>content</arg>
<doc>Returns the value of ``attribute`` from the element ``locator``.</doc>
<status status="PASS" start="2025-05-12T12:39:03.174355" elapsed="0.015807"/>
</kw>
<kw name="Evaluate" owner="BuiltIn">
<msg time="2025-05-12T12:39:03.190162" level="INFO">${price_text} = 74.11</msg>
<var>${price_text}</var>
<arg>"${price_text}".replace(",", ".")</arg>
<doc>Evaluates the given expression in Python and returns the result.</doc>
<status status="PASS" start="2025-05-12T12:39:03.190162" elapsed="0.000997"/>
</kw>
<kw name="Convert To Number" owner="BuiltIn">
<msg time="2025-05-12T12:39:03.191159" level="INFO">${price} = 74.11</msg>
<var>${price}</var>
<arg>${price_text}</arg>
<doc>Converts the given item to a floating point number.</doc>
<status status="PASS" start="2025-05-12T12:39:03.191159" elapsed="0.000000"/>
</kw>
<kw name="Append To List" owner="Collections">
<arg>${prices}</arg>
<arg>${price}</arg>
<doc>Adds ``values`` to the end of ``list``.</doc>
<status status="PASS" start="2025-05-12T12:39:03.191159" elapsed="0.000996"/>
</kw>
<var name="${element}">&lt;selenium.webdriver.remote.webelement.WebElement (session="6c8c7aff8f6b02c9c045e9846b58de4a", element="f.A63AD0333563D5193D6FB805FE3E34DC.d.552FAA9509DCFB91FE74F47734C6D326.e.1351")&gt;</var>
<status status="PASS" start="2025-05-12T12:39:03.174355" elapsed="0.017800"/>
</iter>
<iter>
<kw name="Get Element Attribute" owner="SeleniumLibrary">
<msg time="2025-05-12T12:39:03.203602" level="INFO">${price_text} = 75,97</msg>
<var>${price_text}</var>
<arg>${element}</arg>
<arg>content</arg>
<doc>Returns the value of ``attribute`` from the element ``locator``.</doc>
<status status="PASS" start="2025-05-12T12:39:03.192155" elapsed="0.011447"/>
</kw>
<kw name="Evaluate" owner="BuiltIn">
<msg time="2025-05-12T12:39:03.204600" level="INFO">${price_text} = 75.97</msg>
<var>${price_text}</var>
<arg>"${price_text}".replace(",", ".")</arg>
<doc>Evaluates the given expression in Python and returns the result.</doc>
<status status="PASS" start="2025-05-12T12:39:03.204600" elapsed="0.000000"/>
</kw>
<kw name="Convert To Number" owner="BuiltIn">
<msg time="2025-05-12T12:39:03.205596" level="INFO">${price} = 75.97</msg>
<var>${price}</var>
<arg>${price_text}</arg>
<doc>Converts the given item to a floating point number.</doc>
<status status="PASS" start="2025-05-12T12:39:03.204600" elapsed="0.000996"/>
</kw>
<kw name="Append To List" owner="Collections">
<arg>${prices}</arg>
<arg>${price}</arg>
<doc>Adds ``values`` to the end of ``list``.</doc>
<status status="PASS" start="2025-05-12T12:39:03.205596" elapsed="0.000000"/>
</kw>
<var name="${element}">&lt;selenium.webdriver.remote.webelement.WebElement (session="6c8c7aff8f6b02c9c045e9846b58de4a", element="f.A63AD0333563D5193D6FB805FE3E34DC.d.552FAA9509DCFB91FE74F47734C6D326.e.1352")&gt;</var>
<status status="PASS" start="2025-05-12T12:39:03.192155" elapsed="0.013441"/>
</iter>
<iter>
<kw name="Get Element Attribute" owner="SeleniumLibrary">
<msg time="2025-05-12T12:39:03.217250" level="INFO">${price_text} = 79,00</msg>
<var>${price_text}</var>
<arg>${element}</arg>
<arg>content</arg>
<doc>Returns the value of ``attribute`` from the element ``locator``.</doc>
<status status="PASS" start="2025-05-12T12:39:03.206593" elapsed="0.010657"/>
</kw>
<kw name="Evaluate" owner="BuiltIn">
<msg time="2025-05-12T12:39:03.218247" level="INFO">${price_text} = 79.00</msg>
<var>${price_text}</var>
<arg>"${price_text}".replace(",", ".")</arg>
<doc>Evaluates the given expression in Python and returns the result.</doc>
<status status="PASS" start="2025-05-12T12:39:03.217250" elapsed="0.000997"/>
</kw>
<kw name="Convert To Number" owner="BuiltIn">
<msg time="2025-05-12T12:39:03.219243" level="INFO">${price} = 79.0</msg>
<var>${price}</var>
<arg>${price_text}</arg>
<doc>Converts the given item to a floating point number.</doc>
<status status="PASS" start="2025-05-12T12:39:03.218247" elapsed="0.000996"/>
</kw>
<kw name="Append To List" owner="Collections">
<arg>${prices}</arg>
<arg>${price}</arg>
<doc>Adds ``values`` to the end of ``list``.</doc>
<status status="PASS" start="2025-05-12T12:39:03.219243" elapsed="0.000000"/>
</kw>
<var name="${element}">&lt;selenium.webdriver.remote.webelement.WebElement (session="6c8c7aff8f6b02c9c045e9846b58de4a", element="f.A63AD0333563D5193D6FB805FE3E34DC.d.552FAA9509DCFB91FE74F47734C6D326.e.1353")&gt;</var>
<status status="PASS" start="2025-05-12T12:39:03.205596" elapsed="0.013647"/>
</iter>
<iter>
<kw name="Get Element Attribute" owner="SeleniumLibrary">
<msg time="2025-05-12T12:39:03.233925" level="INFO">${price_text} = 79,00</msg>
<var>${price_text}</var>
<arg>${element}</arg>
<arg>content</arg>
<doc>Returns the value of ``attribute`` from the element ``locator``.</doc>
<status status="PASS" start="2025-05-12T12:39:03.220240" elapsed="0.013685"/>
</kw>
<kw name="Evaluate" owner="BuiltIn">
<msg time="2025-05-12T12:39:03.234922" level="INFO">${price_text} = 79.00</msg>
<var>${price_text}</var>
<arg>"${price_text}".replace(",", ".")</arg>
<doc>Evaluates the given expression in Python and returns the result.</doc>
<status status="PASS" start="2025-05-12T12:39:03.233925" elapsed="0.000997"/>
</kw>
<kw name="Convert To Number" owner="BuiltIn">
<msg time="2025-05-12T12:39:03.234922" level="INFO">${price} = 79.0</msg>
<var>${price}</var>
<arg>${price_text}</arg>
<doc>Converts the given item to a floating point number.</doc>
<status status="PASS" start="2025-05-12T12:39:03.234922" elapsed="0.000000"/>
</kw>
<kw name="Append To List" owner="Collections">
<arg>${prices}</arg>
<arg>${price}</arg>
<doc>Adds ``values`` to the end of ``list``.</doc>
<status status="PASS" start="2025-05-12T12:39:03.235918" elapsed="0.000000"/>
</kw>
<var name="${element}">&lt;selenium.webdriver.remote.webelement.WebElement (session="6c8c7aff8f6b02c9c045e9846b58de4a", element="f.A63AD0333563D5193D6FB805FE3E34DC.d.552FAA9509DCFB91FE74F47734C6D326.e.1354")&gt;</var>
<status status="PASS" start="2025-05-12T12:39:03.219243" elapsed="0.016675"/>
</iter>
<iter>
<kw name="Get Element Attribute" owner="SeleniumLibrary">
<msg time="2025-05-12T12:39:03.244537" level="INFO">${price_text} = 79,00</msg>
<var>${price_text}</var>
<arg>${element}</arg>
<arg>content</arg>
<doc>Returns the value of ``attribute`` from the element ``locator``.</doc>
<status status="PASS" start="2025-05-12T12:39:03.235918" elapsed="0.008619"/>
</kw>
<kw name="Evaluate" owner="BuiltIn">
<msg time="2025-05-12T12:39:03.245536" level="INFO">${price_text} = 79.00</msg>
<var>${price_text}</var>
<arg>"${price_text}".replace(",", ".")</arg>
<doc>Evaluates the given expression in Python and returns the result.</doc>
<status status="PASS" start="2025-05-12T12:39:03.244537" elapsed="0.000999"/>
</kw>
<kw name="Convert To Number" owner="BuiltIn">
<msg time="2025-05-12T12:39:03.245536" level="INFO">${price} = 79.0</msg>
<var>${price}</var>
<arg>${price_text}</arg>
<doc>Converts the given item to a floating point number.</doc>
<status status="PASS" start="2025-05-12T12:39:03.245536" elapsed="0.000000"/>
</kw>
<kw name="Append To List" owner="Collections">
<arg>${prices}</arg>
<arg>${price}</arg>
<doc>Adds ``values`` to the end of ``list``.</doc>
<status status="PASS" start="2025-05-12T12:39:03.245536" elapsed="0.000995"/>
</kw>
<var name="${element}">&lt;selenium.webdriver.remote.webelement.WebElement (session="6c8c7aff8f6b02c9c045e9846b58de4a", element="f.A63AD0333563D5193D6FB805FE3E34DC.d.552FAA9509DCFB91FE74F47734C6D326.e.1355")&gt;</var>
<status status="PASS" start="2025-05-12T12:39:03.235918" elapsed="0.010613"/>
</iter>
<iter>
<kw name="Get Element Attribute" owner="SeleniumLibrary">
<msg time="2025-05-12T12:39:03.255408" level="INFO">${price_text} = 79,00</msg>
<var>${price_text}</var>
<arg>${element}</arg>
<arg>content</arg>
<doc>Returns the value of ``attribute`` from the element ``locator``.</doc>
<status status="PASS" start="2025-05-12T12:39:03.246531" elapsed="0.008877"/>
</kw>
<kw name="Evaluate" owner="BuiltIn">
<msg time="2025-05-12T12:39:03.255408" level="INFO">${price_text} = 79.00</msg>
<var>${price_text}</var>
<arg>"${price_text}".replace(",", ".")</arg>
<doc>Evaluates the given expression in Python and returns the result.</doc>
<status status="PASS" start="2025-05-12T12:39:03.255408" elapsed="0.000996"/>
</kw>
<kw name="Convert To Number" owner="BuiltIn">
<msg time="2025-05-12T12:39:03.256404" level="INFO">${price} = 79.0</msg>
<var>${price}</var>
<arg>${price_text}</arg>
<doc>Converts the given item to a floating point number.</doc>
<status status="PASS" start="2025-05-12T12:39:03.256404" elapsed="0.000000"/>
</kw>
<kw name="Append To List" owner="Collections">
<arg>${prices}</arg>
<arg>${price}</arg>
<doc>Adds ``values`` to the end of ``list``.</doc>
<status status="PASS" start="2025-05-12T12:39:03.256404" elapsed="0.000997"/>
</kw>
<var name="${element}">&lt;selenium.webdriver.remote.webelement.WebElement (session="6c8c7aff8f6b02c9c045e9846b58de4a", element="f.A63AD0333563D5193D6FB805FE3E34DC.d.552FAA9509DCFB91FE74F47734C6D326.e.1356")&gt;</var>
<status status="PASS" start="2025-05-12T12:39:03.246531" elapsed="0.010870"/>
</iter>
<iter>
<kw name="Get Element Attribute" owner="SeleniumLibrary">
<msg time="2025-05-12T12:39:03.269307" level="INFO">${price_text} = 79,99</msg>
<var>${price_text}</var>
<arg>${element}</arg>
<arg>content</arg>
<doc>Returns the value of ``attribute`` from the element ``locator``.</doc>
<status status="PASS" start="2025-05-12T12:39:03.257401" elapsed="0.011906"/>
</kw>
<kw name="Evaluate" owner="BuiltIn">
<msg time="2025-05-12T12:39:03.270304" level="INFO">${price_text} = 79.99</msg>
<var>${price_text}</var>
<arg>"${price_text}".replace(",", ".")</arg>
<doc>Evaluates the given expression in Python and returns the result.</doc>
<status status="PASS" start="2025-05-12T12:39:03.269307" elapsed="0.000997"/>
</kw>
<kw name="Convert To Number" owner="BuiltIn">
<msg time="2025-05-12T12:39:03.270304" level="INFO">${price} = 79.99</msg>
<var>${price}</var>
<arg>${price_text}</arg>
<doc>Converts the given item to a floating point number.</doc>
<status status="PASS" start="2025-05-12T12:39:03.270304" elapsed="0.000000"/>
</kw>
<kw name="Append To List" owner="Collections">
<arg>${prices}</arg>
<arg>${price}</arg>
<doc>Adds ``values`` to the end of ``list``.</doc>
<status status="PASS" start="2025-05-12T12:39:03.270304" elapsed="0.000996"/>
</kw>
<var name="${element}">&lt;selenium.webdriver.remote.webelement.WebElement (session="6c8c7aff8f6b02c9c045e9846b58de4a", element="f.A63AD0333563D5193D6FB805FE3E34DC.d.552FAA9509DCFB91FE74F47734C6D326.e.1357")&gt;</var>
<status status="PASS" start="2025-05-12T12:39:03.257401" elapsed="0.013899"/>
</iter>
<iter>
<kw name="Get Element Attribute" owner="SeleniumLibrary">
<msg time="2025-05-12T12:39:03.283598" level="INFO">${price_text} = 79,99</msg>
<var>${price_text}</var>
<arg>${element}</arg>
<arg>content</arg>
<doc>Returns the value of ``attribute`` from the element ``locator``.</doc>
<status status="PASS" start="2025-05-12T12:39:03.271300" elapsed="0.012298"/>
</kw>
<kw name="Evaluate" owner="BuiltIn">
<msg time="2025-05-12T12:39:03.284594" level="INFO">${price_text} = 79.99</msg>
<var>${price_text}</var>
<arg>"${price_text}".replace(",", ".")</arg>
<doc>Evaluates the given expression in Python and returns the result.</doc>
<status status="PASS" start="2025-05-12T12:39:03.283598" elapsed="0.000996"/>
</kw>
<kw name="Convert To Number" owner="BuiltIn">
<msg time="2025-05-12T12:39:03.284594" level="INFO">${price} = 79.99</msg>
<var>${price}</var>
<arg>${price_text}</arg>
<doc>Converts the given item to a floating point number.</doc>
<status status="PASS" start="2025-05-12T12:39:03.284594" elapsed="0.000000"/>
</kw>
<kw name="Append To List" owner="Collections">
<arg>${prices}</arg>
<arg>${price}</arg>
<doc>Adds ``values`` to the end of ``list``.</doc>
<status status="PASS" start="2025-05-12T12:39:03.285592" elapsed="0.000000"/>
</kw>
<var name="${element}">&lt;selenium.webdriver.remote.webelement.WebElement (session="6c8c7aff8f6b02c9c045e9846b58de4a", element="f.A63AD0333563D5193D6FB805FE3E34DC.d.552FAA9509DCFB91FE74F47734C6D326.e.1358")&gt;</var>
<status status="PASS" start="2025-05-12T12:39:03.271300" elapsed="0.014292"/>
</iter>
<iter>
<kw name="Get Element Attribute" owner="SeleniumLibrary">
<msg time="2025-05-12T12:39:03.293565" level="INFO">${price_text} = 79,99</msg>
<var>${price_text}</var>
<arg>${element}</arg>
<arg>content</arg>
<doc>Returns the value of ``attribute`` from the element ``locator``.</doc>
<status status="PASS" start="2025-05-12T12:39:03.285592" elapsed="0.007973"/>
</kw>
<kw name="Evaluate" owner="BuiltIn">
<msg time="2025-05-12T12:39:03.294513" level="INFO">${price_text} = 79.99</msg>
<var>${price_text}</var>
<arg>"${price_text}".replace(",", ".")</arg>
<doc>Evaluates the given expression in Python and returns the result.</doc>
<status status="PASS" start="2025-05-12T12:39:03.294513" elapsed="0.000000"/>
</kw>
<kw name="Convert To Number" owner="BuiltIn">
<msg time="2025-05-12T12:39:03.295511" level="INFO">${price} = 79.99</msg>
<var>${price}</var>
<arg>${price_text}</arg>
<doc>Converts the given item to a floating point number.</doc>
<status status="PASS" start="2025-05-12T12:39:03.294513" elapsed="0.000998"/>
</kw>
<kw name="Append To List" owner="Collections">
<arg>${prices}</arg>
<arg>${price}</arg>
<doc>Adds ``values`` to the end of ``list``.</doc>
<status status="PASS" start="2025-05-12T12:39:03.295511" elapsed="0.000000"/>
</kw>
<var name="${element}">&lt;selenium.webdriver.remote.webelement.WebElement (session="6c8c7aff8f6b02c9c045e9846b58de4a", element="f.A63AD0333563D5193D6FB805FE3E34DC.d.552FAA9509DCFB91FE74F47734C6D326.e.1359")&gt;</var>
<status status="PASS" start="2025-05-12T12:39:03.285592" elapsed="0.009919"/>
</iter>
<iter>
<kw name="Get Element Attribute" owner="SeleniumLibrary">
<msg time="2025-05-12T12:39:03.304799" level="INFO">${price_text} = 79,99</msg>
<var>${price_text}</var>
<arg>${element}</arg>
<arg>content</arg>
<doc>Returns the value of ``attribute`` from the element ``locator``.</doc>
<status status="PASS" start="2025-05-12T12:39:03.296507" elapsed="0.008292"/>
</kw>
<kw name="Evaluate" owner="BuiltIn">
<msg time="2025-05-12T12:39:03.305796" level="INFO">${price_text} = 79.99</msg>
<var>${price_text}</var>
<arg>"${price_text}".replace(",", ".")</arg>
<doc>Evaluates the given expression in Python and returns the result.</doc>
<status status="PASS" start="2025-05-12T12:39:03.304799" elapsed="0.000997"/>
</kw>
<kw name="Convert To Number" owner="BuiltIn">
<msg time="2025-05-12T12:39:03.305796" level="INFO">${price} = 79.99</msg>
<var>${price}</var>
<arg>${price_text}</arg>
<doc>Converts the given item to a floating point number.</doc>
<status status="PASS" start="2025-05-12T12:39:03.305796" elapsed="0.000000"/>
</kw>
<kw name="Append To List" owner="Collections">
<arg>${prices}</arg>
<arg>${price}</arg>
<doc>Adds ``values`` to the end of ``list``.</doc>
<status status="PASS" start="2025-05-12T12:39:03.305796" elapsed="0.000996"/>
</kw>
<var name="${element}">&lt;selenium.webdriver.remote.webelement.WebElement (session="6c8c7aff8f6b02c9c045e9846b58de4a", element="f.A63AD0333563D5193D6FB805FE3E34DC.d.552FAA9509DCFB91FE74F47734C6D326.e.1360")&gt;</var>
<status status="PASS" start="2025-05-12T12:39:03.295511" elapsed="0.011281"/>
</iter>
<iter>
<kw name="Get Element Attribute" owner="SeleniumLibrary">
<msg time="2025-05-12T12:39:03.320693" level="INFO">${price_text} = 80,00</msg>
<var>${price_text}</var>
<arg>${element}</arg>
<arg>content</arg>
<doc>Returns the value of ``attribute`` from the element ``locator``.</doc>
<status status="PASS" start="2025-05-12T12:39:03.306792" elapsed="0.013901"/>
</kw>
<kw name="Evaluate" owner="BuiltIn">
<msg time="2025-05-12T12:39:03.321689" level="INFO">${price_text} = 80.00</msg>
<var>${price_text}</var>
<arg>"${price_text}".replace(",", ".")</arg>
<doc>Evaluates the given expression in Python and returns the result.</doc>
<status status="PASS" start="2025-05-12T12:39:03.320693" elapsed="0.000996"/>
</kw>
<kw name="Convert To Number" owner="BuiltIn">
<msg time="2025-05-12T12:39:03.321689" level="INFO">${price} = 80.0</msg>
<var>${price}</var>
<arg>${price_text}</arg>
<doc>Converts the given item to a floating point number.</doc>
<status status="PASS" start="2025-05-12T12:39:03.321689" elapsed="0.000000"/>
</kw>
<kw name="Append To List" owner="Collections">
<arg>${prices}</arg>
<arg>${price}</arg>
<doc>Adds ``values`` to the end of ``list``.</doc>
<status status="PASS" start="2025-05-12T12:39:03.322686" elapsed="0.000000"/>
</kw>
<var name="${element}">&lt;selenium.webdriver.remote.webelement.WebElement (session="6c8c7aff8f6b02c9c045e9846b58de4a", element="f.A63AD0333563D5193D6FB805FE3E34DC.d.552FAA9509DCFB91FE74F47734C6D326.e.1361")&gt;</var>
<status status="PASS" start="2025-05-12T12:39:03.306792" elapsed="0.015894"/>
</iter>
<iter>
<kw name="Get Element Attribute" owner="SeleniumLibrary">
<msg time="2025-05-12T12:39:03.334999" level="INFO">${price_text} = 82,07</msg>
<var>${price_text}</var>
<arg>${element}</arg>
<arg>content</arg>
<doc>Returns the value of ``attribute`` from the element ``locator``.</doc>
<status status="PASS" start="2025-05-12T12:39:03.322686" elapsed="0.012313"/>
</kw>
<kw name="Evaluate" owner="BuiltIn">
<msg time="2025-05-12T12:39:03.335996" level="INFO">${price_text} = 82.07</msg>
<var>${price_text}</var>
<arg>"${price_text}".replace(",", ".")</arg>
<doc>Evaluates the given expression in Python and returns the result.</doc>
<status status="PASS" start="2025-05-12T12:39:03.335996" elapsed="0.000000"/>
</kw>
<kw name="Convert To Number" owner="BuiltIn">
<msg time="2025-05-12T12:39:03.335996" level="INFO">${price} = 82.07</msg>
<var>${price}</var>
<arg>${price_text}</arg>
<doc>Converts the given item to a floating point number.</doc>
<status status="PASS" start="2025-05-12T12:39:03.335996" elapsed="0.000000"/>
</kw>
<kw name="Append To List" owner="Collections">
<arg>${prices}</arg>
<arg>${price}</arg>
<doc>Adds ``values`` to the end of ``list``.</doc>
<status status="PASS" start="2025-05-12T12:39:03.336993" elapsed="0.000000"/>
</kw>
<var name="${element}">&lt;selenium.webdriver.remote.webelement.WebElement (session="6c8c7aff8f6b02c9c045e9846b58de4a", element="f.A63AD0333563D5193D6FB805FE3E34DC.d.552FAA9509DCFB91FE74F47734C6D326.e.1362")&gt;</var>
<status status="PASS" start="2025-05-12T12:39:03.322686" elapsed="0.014307"/>
</iter>
<iter>
<kw name="Get Element Attribute" owner="SeleniumLibrary">
<msg time="2025-05-12T12:39:03.348571" level="INFO">${price_text} = 82,07</msg>
<var>${price_text}</var>
<arg>${element}</arg>
<arg>content</arg>
<doc>Returns the value of ``attribute`` from the element ``locator``.</doc>
<status status="PASS" start="2025-05-12T12:39:03.336993" elapsed="0.011578"/>
</kw>
<kw name="Evaluate" owner="BuiltIn">
<msg time="2025-05-12T12:39:03.348571" level="INFO">${price_text} = 82.07</msg>
<var>${price_text}</var>
<arg>"${price_text}".replace(",", ".")</arg>
<doc>Evaluates the given expression in Python and returns the result.</doc>
<status status="PASS" start="2025-05-12T12:39:03.348571" elapsed="0.000000"/>
</kw>
<kw name="Convert To Number" owner="BuiltIn">
<msg time="2025-05-12T12:39:03.349568" level="INFO">${price} = 82.07</msg>
<var>${price}</var>
<arg>${price_text}</arg>
<doc>Converts the given item to a floating point number.</doc>
<status status="PASS" start="2025-05-12T12:39:03.349568" elapsed="0.000000"/>
</kw>
<kw name="Append To List" owner="Collections">
<arg>${prices}</arg>
<arg>${price}</arg>
<doc>Adds ``values`` to the end of ``list``.</doc>
<status status="PASS" start="2025-05-12T12:39:03.349568" elapsed="0.000996"/>
</kw>
<var name="${element}">&lt;selenium.webdriver.remote.webelement.WebElement (session="6c8c7aff8f6b02c9c045e9846b58de4a", element="f.A63AD0333563D5193D6FB805FE3E34DC.d.552FAA9509DCFB91FE74F47734C6D326.e.1363")&gt;</var>
<status status="PASS" start="2025-05-12T12:39:03.336993" elapsed="0.013571"/>
</iter>
<iter>
<kw name="Get Element Attribute" owner="SeleniumLibrary">
<msg time="2025-05-12T12:39:03.358538" level="INFO">${price_text} = 82,11</msg>
<var>${price_text}</var>
<arg>${element}</arg>
<arg>content</arg>
<doc>Returns the value of ``attribute`` from the element ``locator``.</doc>
<status status="PASS" start="2025-05-12T12:39:03.350564" elapsed="0.007974"/>
</kw>
<kw name="Evaluate" owner="BuiltIn">
<msg time="2025-05-12T12:39:03.358538" level="INFO">${price_text} = 82.11</msg>
<var>${price_text}</var>
<arg>"${price_text}".replace(",", ".")</arg>
<doc>Evaluates the given expression in Python and returns the result.</doc>
<status status="PASS" start="2025-05-12T12:39:03.358538" elapsed="0.000000"/>
</kw>
<kw name="Convert To Number" owner="BuiltIn">
<msg time="2025-05-12T12:39:03.359534" level="INFO">${price} = 82.11</msg>
<var>${price}</var>
<arg>${price_text}</arg>
<doc>Converts the given item to a floating point number.</doc>
<status status="PASS" start="2025-05-12T12:39:03.359534" elapsed="0.000000"/>
</kw>
<kw name="Append To List" owner="Collections">
<arg>${prices}</arg>
<arg>${price}</arg>
<doc>Adds ``values`` to the end of ``list``.</doc>
<status status="PASS" start="2025-05-12T12:39:03.359534" elapsed="0.000000"/>
</kw>
<var name="${element}">&lt;selenium.webdriver.remote.webelement.WebElement (session="6c8c7aff8f6b02c9c045e9846b58de4a", element="f.A63AD0333563D5193D6FB805FE3E34DC.d.552FAA9509DCFB91FE74F47734C6D326.e.1364")&gt;</var>
<status status="PASS" start="2025-05-12T12:39:03.350564" elapsed="0.009968"/>
</iter>
<iter>
<kw name="Get Element Attribute" owner="SeleniumLibrary">
<msg time="2025-05-12T12:39:03.371685" level="INFO">${price_text} = 82,40</msg>
<var>${price_text}</var>
<arg>${element}</arg>
<arg>content</arg>
<doc>Returns the value of ``attribute`` from the element ``locator``.</doc>
<status status="PASS" start="2025-05-12T12:39:03.360532" elapsed="0.011153"/>
</kw>
<kw name="Evaluate" owner="BuiltIn">
<msg time="2025-05-12T12:39:03.371685" level="INFO">${price_text} = 82.40</msg>
<var>${price_text}</var>
<arg>"${price_text}".replace(",", ".")</arg>
<doc>Evaluates the given expression in Python and returns the result.</doc>
<status status="PASS" start="2025-05-12T12:39:03.371685" elapsed="0.000000"/>
</kw>
<kw name="Convert To Number" owner="BuiltIn">
<msg time="2025-05-12T12:39:03.372681" level="INFO">${price} = 82.4</msg>
<var>${price}</var>
<arg>${price_text}</arg>
<doc>Converts the given item to a floating point number.</doc>
<status status="PASS" start="2025-05-12T12:39:03.371685" elapsed="0.000996"/>
</kw>
<kw name="Append To List" owner="Collections">
<arg>${prices}</arg>
<arg>${price}</arg>
<doc>Adds ``values`` to the end of ``list``.</doc>
<status status="PASS" start="2025-05-12T12:39:03.372681" elapsed="0.000000"/>
</kw>
<var name="${element}">&lt;selenium.webdriver.remote.webelement.WebElement (session="6c8c7aff8f6b02c9c045e9846b58de4a", element="f.A63AD0333563D5193D6FB805FE3E34DC.d.552FAA9509DCFB91FE74F47734C6D326.e.1365")&gt;</var>
<status status="PASS" start="2025-05-12T12:39:03.360532" elapsed="0.012149"/>
</iter>
<iter>
<kw name="Get Element Attribute" owner="SeleniumLibrary">
<msg time="2025-05-12T12:39:03.383673" level="INFO">${price_text} = 83,16</msg>
<var>${price_text}</var>
<arg>${element}</arg>
<arg>content</arg>
<doc>Returns the value of ``attribute`` from the element ``locator``.</doc>
<status status="PASS" start="2025-05-12T12:39:03.373678" elapsed="0.009995"/>
</kw>
<kw name="Evaluate" owner="BuiltIn">
<msg time="2025-05-12T12:39:03.384671" level="INFO">${price_text} = 83.16</msg>
<var>${price_text}</var>
<arg>"${price_text}".replace(",", ".")</arg>
<doc>Evaluates the given expression in Python and returns the result.</doc>
<status status="PASS" start="2025-05-12T12:39:03.383673" elapsed="0.000998"/>
</kw>
<kw name="Convert To Number" owner="BuiltIn">
<msg time="2025-05-12T12:39:03.384671" level="INFO">${price} = 83.16</msg>
<var>${price}</var>
<arg>${price_text}</arg>
<doc>Converts the given item to a floating point number.</doc>
<status status="PASS" start="2025-05-12T12:39:03.384671" elapsed="0.000000"/>
</kw>
<kw name="Append To List" owner="Collections">
<arg>${prices}</arg>
<arg>${price}</arg>
<doc>Adds ``values`` to the end of ``list``.</doc>
<status status="PASS" start="2025-05-12T12:39:03.384671" elapsed="0.000996"/>
</kw>
<var name="${element}">&lt;selenium.webdriver.remote.webelement.WebElement (session="6c8c7aff8f6b02c9c045e9846b58de4a", element="f.A63AD0333563D5193D6FB805FE3E34DC.d.552FAA9509DCFB91FE74F47734C6D326.e.1366")&gt;</var>
<status status="PASS" start="2025-05-12T12:39:03.373678" elapsed="0.011989"/>
</iter>
<iter>
<kw name="Get Element Attribute" owner="SeleniumLibrary">
<msg time="2025-05-12T12:39:03.394423" level="INFO">${price_text} = 83,16</msg>
<var>${price_text}</var>
<arg>${element}</arg>
<arg>content</arg>
<doc>Returns the value of ``attribute`` from the element ``locator``.</doc>
<status status="PASS" start="2025-05-12T12:39:03.385667" elapsed="0.008756"/>
</kw>
<kw name="Evaluate" owner="BuiltIn">
<msg time="2025-05-12T12:39:03.395420" level="INFO">${price_text} = 83.16</msg>
<var>${price_text}</var>
<arg>"${price_text}".replace(",", ".")</arg>
<doc>Evaluates the given expression in Python and returns the result.</doc>
<status status="PASS" start="2025-05-12T12:39:03.395420" elapsed="0.000000"/>
</kw>
<kw name="Convert To Number" owner="BuiltIn">
<msg time="2025-05-12T12:39:03.396416" level="INFO">${price} = 83.16</msg>
<var>${price}</var>
<arg>${price_text}</arg>
<doc>Converts the given item to a floating point number.</doc>
<status status="PASS" start="2025-05-12T12:39:03.395420" elapsed="0.000996"/>
</kw>
<kw name="Append To List" owner="Collections">
<arg>${prices}</arg>
<arg>${price}</arg>
<doc>Adds ``values`` to the end of ``list``.</doc>
<status status="PASS" start="2025-05-12T12:39:03.396416" elapsed="0.000000"/>
</kw>
<var name="${element}">&lt;selenium.webdriver.remote.webelement.WebElement (session="6c8c7aff8f6b02c9c045e9846b58de4a", element="f.A63AD0333563D5193D6FB805FE3E34DC.d.552FAA9509DCFB91FE74F47734C6D326.e.1367")&gt;</var>
<status status="PASS" start="2025-05-12T12:39:03.385667" elapsed="0.010749"/>
</iter>
<iter>
<kw name="Get Element Attribute" owner="SeleniumLibrary">
<msg time="2025-05-12T12:39:03.404897" level="INFO">${price_text} = 83,65</msg>
<var>${price_text}</var>
<arg>${element}</arg>
<arg>content</arg>
<doc>Returns the value of ``attribute`` from the element ``locator``.</doc>
<status status="PASS" start="2025-05-12T12:39:03.397412" elapsed="0.007485"/>
</kw>
<kw name="Evaluate" owner="BuiltIn">
<msg time="2025-05-12T12:39:03.405895" level="INFO">${price_text} = 83.65</msg>
<var>${price_text}</var>
<arg>"${price_text}".replace(",", ".")</arg>
<doc>Evaluates the given expression in Python and returns the result.</doc>
<status status="PASS" start="2025-05-12T12:39:03.405895" elapsed="0.000000"/>
</kw>
<kw name="Convert To Number" owner="BuiltIn">
<msg time="2025-05-12T12:39:03.405895" level="INFO">${price} = 83.65</msg>
<var>${price}</var>
<arg>${price_text}</arg>
<doc>Converts the given item to a floating point number.</doc>
<status status="PASS" start="2025-05-12T12:39:03.405895" elapsed="0.000996"/>
</kw>
<kw name="Append To List" owner="Collections">
<arg>${prices}</arg>
<arg>${price}</arg>
[...]
<status status="PASS" start="2025-05-12T12:39:08.029797" elapsed="0.009966"/>
</iter>
<iter>
<kw name="Get Element Attribute" owner="SeleniumLibrary">
<msg time="2025-05-12T12:39:08.050667" level="INFO">${price_text} = 5309,90</msg>
<var>${price_text}</var>
<arg>${element}</arg>
<arg>content</arg>
<doc>Returns the value of ``attribute`` from the element ``locator``.</doc>
<status status="PASS" start="2025-05-12T12:39:08.040510" elapsed="0.010157"/>
</kw>
<kw name="Evaluate" owner="BuiltIn">
<msg time="2025-05-12T12:39:08.051663" level="INFO">${price_text} = 5309.90</msg>
<var>${price_text}</var>
<arg>"${price_text}".replace(",", ".")</arg>
<doc>Evaluates the given expression in Python and returns the result.</doc>
<status status="PASS" start="2025-05-12T12:39:08.050667" elapsed="0.000996"/>
</kw>
<kw name="Convert To Number" owner="BuiltIn">
<msg time="2025-05-12T12:39:08.051663" level="INFO">${price} = 5309.9</msg>
<var>${price}</var>
<arg>${price_text}</arg>
<doc>Converts the given item to a floating point number.</doc>
<status status="PASS" start="2025-05-12T12:39:08.051663" elapsed="0.000000"/>
</kw>
<kw name="Append To List" owner="Collections">
<arg>${prices}</arg>
<arg>${price}</arg>
<doc>Adds ``values`` to the end of ``list``.</doc>
<status status="PASS" start="2025-05-12T12:39:08.052661" elapsed="0.000000"/>
</kw>
<var name="${element}">&lt;selenium.webdriver.remote.webelement.WebElement (session="6c8c7aff8f6b02c9c045e9846b58de4a", element="f.A63AD0333563D5193D6FB805FE3E34DC.d.552FAA9509DCFB91FE74F47734C6D326.e.1908")&gt;</var>
<status status="PASS" start="2025-05-12T12:39:08.039763" elapsed="0.012898"/>
</iter>
<iter>
<kw name="Get Element Attribute" owner="SeleniumLibrary">
<msg time="2025-05-12T12:39:08.062318" level="INFO">${price_text} = 5279,90</msg>
<var>${price_text}</var>
<arg>${element}</arg>
<arg>content</arg>
<doc>Returns the value of ``attribute`` from the element ``locator``.</doc>
<status status="PASS" start="2025-05-12T12:39:08.052661" elapsed="0.009657"/>
</kw>
<kw name="Evaluate" owner="BuiltIn">
<msg time="2025-05-12T12:39:08.063314" level="INFO">${price_text} = 5279.90</msg>
<var>${price_text}</var>
<arg>"${price_text}".replace(",", ".")</arg>
<doc>Evaluates the given expression in Python and returns the result.</doc>
<status status="PASS" start="2025-05-12T12:39:08.062318" elapsed="0.000996"/>
</kw>
<kw name="Convert To Number" owner="BuiltIn">
<msg time="2025-05-12T12:39:08.063314" level="INFO">${price} = 5279.9</msg>
<var>${price}</var>
<arg>${price_text}</arg>
<doc>Converts the given item to a floating point number.</doc>
<status status="PASS" start="2025-05-12T12:39:08.063314" elapsed="0.000000"/>
</kw>
<kw name="Append To List" owner="Collections">
<arg>${prices}</arg>
<arg>${price}</arg>
<doc>Adds ``values`` to the end of ``list``.</doc>
<status status="PASS" start="2025-05-12T12:39:08.064311" elapsed="0.000000"/>
</kw>
<var name="${element}">&lt;selenium.webdriver.remote.webelement.WebElement (session="6c8c7aff8f6b02c9c045e9846b58de4a", element="f.A63AD0333563D5193D6FB805FE3E34DC.d.552FAA9509DCFB91FE74F47734C6D326.e.1909")&gt;</var>
<status status="PASS" start="2025-05-12T12:39:08.052661" elapsed="0.011650"/>
</iter>
<iter>
<kw name="Get Element Attribute" owner="SeleniumLibrary">
<msg time="2025-05-12T12:39:08.072285" level="INFO">${price_text} = 5259,90</msg>
<var>${price_text}</var>
<arg>${element}</arg>
<arg>content</arg>
<doc>Returns the value of ``attribute`` from the element ``locator``.</doc>
<status status="PASS" start="2025-05-12T12:39:08.064311" elapsed="0.007974"/>
</kw>
<kw name="Evaluate" owner="BuiltIn">
<msg time="2025-05-12T12:39:08.073282" level="INFO">${price_text} = 5259.90</msg>
<var>${price_text}</var>
<arg>"${price_text}".replace(",", ".")</arg>
<doc>Evaluates the given expression in Python and returns the result.</doc>
<status status="PASS" start="2025-05-12T12:39:08.073282" elapsed="0.000000"/>
</kw>
<kw name="Convert To Number" owner="BuiltIn">
<msg time="2025-05-12T12:39:08.073940" level="INFO">${price} = 5259.9</msg>
<var>${price}</var>
<arg>${price_text}</arg>
<doc>Converts the given item to a floating point number.</doc>
<status status="PASS" start="2025-05-12T12:39:08.073940" elapsed="0.000000"/>
</kw>
<kw name="Append To List" owner="Collections">
<arg>${prices}</arg>
<arg>${price}</arg>
<doc>Adds ``values`` to the end of ``list``.</doc>
<status status="PASS" start="2025-05-12T12:39:08.073940" elapsed="0.000000"/>
</kw>
<var name="${element}">&lt;selenium.webdriver.remote.webelement.WebElement (session="6c8c7aff8f6b02c9c045e9846b58de4a", element="f.A63AD0333563D5193D6FB805FE3E34DC.d.552FAA9509DCFB91FE74F47734C6D326.e.1910")&gt;</var>
<status status="PASS" start="2025-05-12T12:39:08.064311" elapsed="0.010627"/>
</iter>
<iter>
<kw name="Get Element Attribute" owner="SeleniumLibrary">
<msg time="2025-05-12T12:39:08.083318" level="INFO">${price_text} = 5257,19</msg>
<var>${price_text}</var>
<arg>${element}</arg>
<arg>content</arg>
<doc>Returns the value of ``attribute`` from the element ``locator``.</doc>
<status status="PASS" start="2025-05-12T12:39:08.074938" elapsed="0.008380"/>
</kw>
<kw name="Evaluate" owner="BuiltIn">
<msg time="2025-05-12T12:39:08.084314" level="INFO">${price_text} = 5257.19</msg>
<var>${price_text}</var>
<arg>"${price_text}".replace(",", ".")</arg>
<doc>Evaluates the given expression in Python and returns the result.</doc>
<status status="PASS" start="2025-05-12T12:39:08.084314" elapsed="0.000000"/>
</kw>
<kw name="Convert To Number" owner="BuiltIn">
<msg time="2025-05-12T12:39:08.084314" level="INFO">${price} = 5257.19</msg>
<var>${price}</var>
<arg>${price_text}</arg>
<doc>Converts the given item to a floating point number.</doc>
<status status="PASS" start="2025-05-12T12:39:08.084314" elapsed="0.000000"/>
</kw>
<kw name="Append To List" owner="Collections">
<arg>${prices}</arg>
<arg>${price}</arg>
<doc>Adds ``values`` to the end of ``list``.</doc>
<status status="PASS" start="2025-05-12T12:39:08.085311" elapsed="0.000000"/>
</kw>
<var name="${element}">&lt;selenium.webdriver.remote.webelement.WebElement (session="6c8c7aff8f6b02c9c045e9846b58de4a", element="f.A63AD0333563D5193D6FB805FE3E34DC.d.552FAA9509DCFB91FE74F47734C6D326.e.1911")&gt;</var>
<status status="PASS" start="2025-05-12T12:39:08.074938" elapsed="0.010373"/>
</iter>
<iter>
<kw name="Get Element Attribute" owner="SeleniumLibrary">
<msg time="2025-05-12T12:39:08.095372" level="INFO">${price_text} = 5257,19</msg>
<var>${price_text}</var>
<arg>${element}</arg>
<arg>content</arg>
<doc>Returns the value of ``attribute`` from the element ``locator``.</doc>
<status status="PASS" start="2025-05-12T12:39:08.085311" elapsed="0.010061"/>
</kw>
<kw name="Evaluate" owner="BuiltIn">
<msg time="2025-05-12T12:39:08.096369" level="INFO">${price_text} = 5257.19</msg>
<var>${price_text}</var>
<arg>"${price_text}".replace(",", ".")</arg>
<doc>Evaluates the given expression in Python and returns the result.</doc>
<status status="PASS" start="2025-05-12T12:39:08.095372" elapsed="0.000997"/>
</kw>
<kw name="Convert To Number" owner="BuiltIn">
<msg time="2025-05-12T12:39:08.096369" level="INFO">${price} = 5257.19</msg>
<var>${price}</var>
<arg>${price_text}</arg>
<doc>Converts the given item to a floating point number.</doc>
<status status="PASS" start="2025-05-12T12:39:08.096369" elapsed="0.000000"/>
</kw>
<kw name="Append To List" owner="Collections">
<arg>${prices}</arg>
<arg>${price}</arg>
<doc>Adds ``values`` to the end of ``list``.</doc>
<status status="PASS" start="2025-05-12T12:39:08.097366" elapsed="0.000000"/>
</kw>
<var name="${element}">&lt;selenium.webdriver.remote.webelement.WebElement (session="6c8c7aff8f6b02c9c045e9846b58de4a", element="f.A63AD0333563D5193D6FB805FE3E34DC.d.552FAA9509DCFB91FE74F47734C6D326.e.1912")&gt;</var>
<status status="PASS" start="2025-05-12T12:39:08.085311" elapsed="0.012055"/>
</iter>
<iter>
<kw name="Get Element Attribute" owner="SeleniumLibrary">
<msg time="2025-05-12T12:39:08.104343" level="INFO">${price_text} = 5249,90</msg>
<var>${price_text}</var>
<arg>${element}</arg>
<arg>content</arg>
<doc>Returns the value of ``attribute`` from the element ``locator``.</doc>
<status status="PASS" start="2025-05-12T12:39:08.097366" elapsed="0.006977"/>
</kw>
<kw name="Evaluate" owner="BuiltIn">
<msg time="2025-05-12T12:39:08.105339" level="INFO">${price_text} = 5249.90</msg>
<var>${price_text}</var>
<arg>"${price_text}".replace(",", ".")</arg>
<doc>Evaluates the given expression in Python and returns the result.</doc>
<status status="PASS" start="2025-05-12T12:39:08.105339" elapsed="0.000000"/>
</kw>
<kw name="Convert To Number" owner="BuiltIn">
<msg time="2025-05-12T12:39:08.105339" level="INFO">${price} = 5249.9</msg>
<var>${price}</var>
<arg>${price_text}</arg>
<doc>Converts the given item to a floating point number.</doc>
<status status="PASS" start="2025-05-12T12:39:08.105339" elapsed="0.000000"/>
</kw>
<kw name="Append To List" owner="Collections">
<arg>${prices}</arg>
<arg>${price}</arg>
<doc>Adds ``values`` to the end of ``list``.</doc>
<status status="PASS" start="2025-05-12T12:39:08.106335" elapsed="0.000000"/>
</kw>
<var name="${element}">&lt;selenium.webdriver.remote.webelement.WebElement (session="6c8c7aff8f6b02c9c045e9846b58de4a", element="f.A63AD0333563D5193D6FB805FE3E34DC.d.552FAA9509DCFB91FE74F47734C6D326.e.1913")&gt;</var>
<status status="PASS" start="2025-05-12T12:39:08.097366" elapsed="0.008969"/>
</iter>
<iter>
<kw name="Get Element Attribute" owner="SeleniumLibrary">
<msg time="2025-05-12T12:39:08.115521" level="INFO">${price_text} = 5249,90</msg>
<var>${price_text}</var>
<arg>${element}</arg>
<arg>content</arg>
<doc>Returns the value of ``attribute`` from the element ``locator``.</doc>
<status status="PASS" start="2025-05-12T12:39:08.106335" elapsed="0.010182"/>
</kw>
<kw name="Evaluate" owner="BuiltIn">
<msg time="2025-05-12T12:39:08.116517" level="INFO">${price_text} = 5249.90</msg>
<var>${price_text}</var>
<arg>"${price_text}".replace(",", ".")</arg>
<doc>Evaluates the given expression in Python and returns the result.</doc>
<status status="PASS" start="2025-05-12T12:39:08.116517" elapsed="0.000000"/>
</kw>
<kw name="Convert To Number" owner="BuiltIn">
<msg time="2025-05-12T12:39:08.117514" level="INFO">${price} = 5249.9</msg>
<var>${price}</var>
<arg>${price_text}</arg>
<doc>Converts the given item to a floating point number.</doc>
<status status="PASS" start="2025-05-12T12:39:08.117514" elapsed="0.000000"/>
</kw>
<kw name="Append To List" owner="Collections">
<arg>${prices}</arg>
<arg>${price}</arg>
<doc>Adds ``values`` to the end of ``list``.</doc>
<status status="PASS" start="2025-05-12T12:39:08.117514" elapsed="0.000997"/>
</kw>
<var name="${element}">&lt;selenium.webdriver.remote.webelement.WebElement (session="6c8c7aff8f6b02c9c045e9846b58de4a", element="f.A63AD0333563D5193D6FB805FE3E34DC.d.552FAA9509DCFB91FE74F47734C6D326.e.1914")&gt;</var>
<status status="PASS" start="2025-05-12T12:39:08.106335" elapsed="0.012176"/>
</iter>
<iter>
<kw name="Get Element Attribute" owner="SeleniumLibrary">
<msg time="2025-05-12T12:39:08.129222" level="INFO">${price_text} = 5239,90</msg>
<var>${price_text}</var>
<arg>${element}</arg>
<arg>content</arg>
<doc>Returns the value of ``attribute`` from the element ``locator``.</doc>
<status status="PASS" start="2025-05-12T12:39:08.118511" elapsed="0.010711"/>
</kw>
<kw name="Evaluate" owner="BuiltIn">
<msg time="2025-05-12T12:39:08.130219" level="INFO">${price_text} = 5239.90</msg>
<var>${price_text}</var>
<arg>"${price_text}".replace(",", ".")</arg>
<doc>Evaluates the given expression in Python and returns the result.</doc>
<status status="PASS" start="2025-05-12T12:39:08.129222" elapsed="0.000997"/>
</kw>
<kw name="Convert To Number" owner="BuiltIn">
<msg time="2025-05-12T12:39:08.130219" level="INFO">${price} = 5239.9</msg>
<var>${price}</var>
<arg>${price_text}</arg>
<doc>Converts the given item to a floating point number.</doc>
<status status="PASS" start="2025-05-12T12:39:08.130219" elapsed="0.000000"/>
</kw>
<kw name="Append To List" owner="Collections">
<arg>${prices}</arg>
<arg>${price}</arg>
<doc>Adds ``values`` to the end of ``list``.</doc>
<status status="PASS" start="2025-05-12T12:39:08.131215" elapsed="0.000000"/>
</kw>
<var name="${element}">&lt;selenium.webdriver.remote.webelement.WebElement (session="6c8c7aff8f6b02c9c045e9846b58de4a", element="f.A63AD0333563D5193D6FB805FE3E34DC.d.552FAA9509DCFB91FE74F47734C6D326.e.1915")&gt;</var>
<status status="PASS" start="2025-05-12T12:39:08.118511" elapsed="0.012704"/>
</iter>
<iter>
<kw name="Get Element Attribute" owner="SeleniumLibrary">
<msg time="2025-05-12T12:39:08.139189" level="INFO">${price_text} = 5235,99</msg>
<var>${price_text}</var>
<arg>${element}</arg>
<arg>content</arg>
<doc>Returns the value of ``attribute`` from the element ``locator``.</doc>
<status status="PASS" start="2025-05-12T12:39:08.131215" elapsed="0.007974"/>
</kw>
<kw name="Evaluate" owner="BuiltIn">
<msg time="2025-05-12T12:39:08.140538" level="INFO">${price_text} = 5235.99</msg>
<var>${price_text}</var>
<arg>"${price_text}".replace(",", ".")</arg>
<doc>Evaluates the given expression in Python and returns the result.</doc>
<status status="PASS" start="2025-05-12T12:39:08.140422" elapsed="0.000116"/>
</kw>
<kw name="Convert To Number" owner="BuiltIn">
<msg time="2025-05-12T12:39:08.140538" level="INFO">${price} = 5235.99</msg>
<var>${price}</var>
<arg>${price_text}</arg>
<doc>Converts the given item to a floating point number.</doc>
<status status="PASS" start="2025-05-12T12:39:08.140538" elapsed="0.000997"/>
</kw>
<kw name="Append To List" owner="Collections">
<arg>${prices}</arg>
<arg>${price}</arg>
<doc>Adds ``values`` to the end of ``list``.</doc>
<status status="PASS" start="2025-05-12T12:39:08.141535" elapsed="0.000000"/>
</kw>
<var name="${element}">&lt;selenium.webdriver.remote.webelement.WebElement (session="6c8c7aff8f6b02c9c045e9846b58de4a", element="f.A63AD0333563D5193D6FB805FE3E34DC.d.552FAA9509DCFB91FE74F47734C6D326.e.1916")&gt;</var>
<status status="PASS" start="2025-05-12T12:39:08.131215" elapsed="0.010320"/>
</iter>
<iter>
<kw name="Get Element Attribute" owner="SeleniumLibrary">
<msg time="2025-05-12T12:39:08.150303" level="INFO">${price_text} = 5219,90</msg>
<var>${price_text}</var>
<arg>${element}</arg>
<arg>content</arg>
<doc>Returns the value of ``attribute`` from the element ``locator``.</doc>
<status status="PASS" start="2025-05-12T12:39:08.141535" elapsed="0.008768"/>
</kw>
<kw name="Evaluate" owner="BuiltIn">
<msg time="2025-05-12T12:39:08.151300" level="INFO">${price_text} = 5219.90</msg>
<var>${price_text}</var>
<arg>"${price_text}".replace(",", ".")</arg>
<doc>Evaluates the given expression in Python and returns the result.</doc>
<status status="PASS" start="2025-05-12T12:39:08.150303" elapsed="0.000997"/>
</kw>
<kw name="Convert To Number" owner="BuiltIn">
<msg time="2025-05-12T12:39:08.152298" level="INFO">${price} = 5219.9</msg>
<var>${price}</var>
<arg>${price_text}</arg>
<doc>Converts the given item to a floating point number.</doc>
<status status="PASS" start="2025-05-12T12:39:08.151300" elapsed="0.000998"/>
</kw>
<kw name="Append To List" owner="Collections">
<arg>${prices}</arg>
<arg>${price}</arg>
<doc>Adds ``values`` to the end of ``list``.</doc>
<status status="PASS" start="2025-05-12T12:39:08.152298" elapsed="0.000000"/>
</kw>
<var name="${element}">&lt;selenium.webdriver.remote.webelement.WebElement (session="6c8c7aff8f6b02c9c045e9846b58de4a", element="f.A63AD0333563D5193D6FB805FE3E34DC.d.552FAA9509DCFB91FE74F47734C6D326.e.1917")&gt;</var>
<status status="PASS" start="2025-05-12T12:39:08.141535" elapsed="0.010763"/>
</iter>
<iter>
<kw name="Get Element Attribute" owner="SeleniumLibrary">
<msg time="2025-05-12T12:39:08.163120" level="INFO">${price_text} = 5219,90</msg>
<var>${price_text}</var>
<arg>${element}</arg>
<arg>content</arg>
<doc>Returns the value of ``attribute`` from the element ``locator``.</doc>
<status status="PASS" start="2025-05-12T12:39:08.153294" elapsed="0.009826"/>
</kw>
<kw name="Evaluate" owner="BuiltIn">
<msg time="2025-05-12T12:39:08.164117" level="INFO">${price_text} = 5219.90</msg>
<var>${price_text}</var>
<arg>"${price_text}".replace(",", ".")</arg>
<doc>Evaluates the given expression in Python and returns the result.</doc>
<status status="PASS" start="2025-05-12T12:39:08.164117" elapsed="0.000000"/>
</kw>
<kw name="Convert To Number" owner="BuiltIn">
<msg time="2025-05-12T12:39:08.165114" level="INFO">${price} = 5219.9</msg>
<var>${price}</var>
<arg>${price_text}</arg>
<doc>Converts the given item to a floating point number.</doc>
<status status="PASS" start="2025-05-12T12:39:08.164117" elapsed="0.000997"/>
</kw>
<kw name="Append To List" owner="Collections">
<arg>${prices}</arg>
<arg>${price}</arg>
<doc>Adds ``values`` to the end of ``list``.</doc>
<status status="PASS" start="2025-05-12T12:39:08.165114" elapsed="0.000000"/>
</kw>
<var name="${element}">&lt;selenium.webdriver.remote.webelement.WebElement (session="6c8c7aff8f6b02c9c045e9846b58de4a", element="f.A63AD0333563D5193D6FB805FE3E34DC.d.552FAA9509DCFB91FE74F47734C6D326.e.1918")&gt;</var>
<status status="PASS" start="2025-05-12T12:39:08.152298" elapsed="0.012816"/>
</iter>
<var>${element}</var>
<value>@{elements}</value>
<status status="PASS" start="2025-05-12T12:39:07.616438" elapsed="0.548676"/>
</for>
<return>
<value>${prices}</value>
<status status="PASS" start="2025-05-12T12:39:08.165114" elapsed="0.000996"/>
</return>
<msg time="2025-05-12T12:39:08.166110" level="INFO">${descending_prices} = [11464.1, 9999.16, 8399.99, 7717.99, 7048.99, 6799.0, 6699.0, 6570.98, 6409.0, 6329.0, 6319.0, 6229.0, 6089.0, 6035.99, 6003.45, 5989.0, 5869.99, 5730.04, 5699.0, 5668.95, 5602.77, 5599.0, 5564.54, 55...</msg>
<var>${descending_prices}</var>
<status status="PASS" start="2025-05-12T12:39:07.597520" elapsed="0.568590"/>
</kw>
<kw name="Copy List" owner="Collections">
<msg time="2025-05-12T12:39:08.166110" level="INFO">${copy_of_descending} = [11464.1, 9999.16, 8399.99, 7717.99, 7048.99, 6799.0, 6699.0, 6570.98, 6409.0, 6329.0, 6319.0, 6229.0, 6089.0, 6035.99, 6003.45, 5989.0, 5869.99, 5730.04, 5699.0, 5668.95, 5602.77, 5599.0, 5564.54, 55...</msg>
<var>${copy_of_descending}</var>
<arg>${descending_prices}</arg>
<doc>Returns a copy of the given list.</doc>
<status status="PASS" start="2025-05-12T12:39:08.166110" elapsed="0.000997"/>
</kw>
<kw name="Sort List" owner="Collections">
<arg>${copy_of_descending}</arg>
<doc>Sorts the given list in place.</doc>
<status status="PASS" start="2025-05-12T12:39:08.167107" elapsed="0.000000"/>
</kw>
<kw name="Reverse List" owner="Collections">
<arg>${copy_of_descending}</arg>
<doc>Reverses the given list in place.</doc>
<status status="PASS" start="2025-05-12T12:39:08.168104" elapsed="0.000000"/>
</kw>
<kw name="Should Be Equal" owner="BuiltIn">
<arg>${descending_prices}</arg>
<arg>${copy_of_descending}</arg>
<doc>Fails if the given objects are unequal.</doc>
<status status="PASS" start="2025-05-12T12:39:08.168104" elapsed="0.000997"/>
</kw>
<kw name="Close the Browser" owner="common_keywords" type="TEARDOWN">
<kw name="Close Browser" owner="SeleniumLibrary">
<doc>Closes the current browser.</doc>
<status status="PASS" start="2025-05-12T12:39:08.170097" elapsed="2.671942"/>
</kw>
<status status="PASS" start="2025-05-12T12:39:08.169101" elapsed="2.672938"/>
</kw>
<tag>Sort</tag>
<status status="PASS" start="2025-05-12T12:38:43.717488" elapsed="27.124551"/>
</test>
<status status="PASS" start="2025-05-12T12:38:43.116627" elapsed="27.725412"/>
</suite>
<statistics>
<total>
<stat pass="1" fail="0" skip="0">All Tests</stat>
</total>
<tag>
<stat pass="1" fail="0" skip="0">Sort</stat>
</tag>
<suite>
<stat name="sortProductsTests" id="s1" pass="1" fail="0" skip="0">sortProductsTests</stat>
</suite>
</statistics>
<errors>
</errors>
</robot>
